This file contains any messages produced by compilers while
running configure, to aid debugging if configure makes a mistake.

It was created by configure, which was
generated by GNU Autoconf 2.61.  Invocation command line was

  $ ./configure CFLAGS=-O3 -DNDEBUG -finline-functions -fno-strict-aliasing -pthread CPPFLAGS=  FFLAGS= LDFLAGS=  --enable-shared --enable-static --prefix=/home/meghna/local --with-mpi=open_mpi --cache-file=/dev/null --srcdir=.

## --------- ##
## Platform. ##
## --------- ##

hostname = meghna
uname -m = i686
uname -r = 3.13.0-46-generic
uname -s = Linux
uname -v = #77-Ubuntu SMP Mon Mar 2 18:26:13 UTC 2015

/usr/bin/uname -p = unknown
/bin/uname -X     = unknown

/bin/arch              = unknown
/usr/bin/arch -k       = unknown
/usr/convex/getsysinfo = unknown
/usr/bin/hostinfo      = unknown
/bin/machine           = unknown
/usr/bin/oslevel       = unknown
/bin/universe          = unknown

PATH: /usr/lib/jvm/java-7-oracle/bin
PATH: /usr/local/sbin
PATH: /usr/local/bin
PATH: /usr/sbin
PATH: /usr/bin
PATH: /sbin
PATH: /bin
PATH: /usr/games
PATH: /usr/local/games
PATH: /home/meghna/Android/Sdk/tools
PATH: /home/meghna/Android/Sdk/platform-tools
PATH: /home/meghna/hadoop-2.5.2


## ----------- ##
## Core tests. ##
## ----------- ##

configure:2039: checking for Open MPI support files
configure:2049: result: in Open MPI source tree -- good
configure:2270: checking for a BSD-compatible install
configure:2326: result: /usr/bin/install -c
configure:2337: checking whether build environment is sane
configure:2380: result: yes
configure:2408: checking for a thread-safe mkdir -p
configure:2447: result: /bin/mkdir -p
configure:2460: checking for gawk
configure:2476: found /usr/bin/gawk
configure:2487: result: gawk
configure:2498: checking whether make sets $(MAKE)
configure:2519: result: yes
configure:2708: checking for architecture
configure:2721: result: LINUX
configure:2730: WARNING: Unknown architecture ... proceeding anyway
configure:2753: result: ROMIO home directory is /home/meghna/Desktop/SpherePacking/openmpi-1.2.4/ompi/mca/io/romio/romio
configure:2905: checking for ranlib
configure:2921: found /usr/bin/ranlib
configure:2932: result: ranlib
configure:3127: checking for gcc
configure:3143: found /usr/bin/gcc
configure:3154: result: gcc
configure:3392: checking for C compiler version
configure:3399: gcc --version >&5
gcc (Ubuntu 4.8.2-19ubuntu1) 4.8.2
Copyright (C) 2013 Free Software Foundation, Inc.
This is free software; see the source for copying conditions.  There is NO
warranty; not even for MERCHANTABILITY or FITNESS FOR A PARTICULAR PURPOSE.

configure:3402: $? = 0
configure:3409: gcc -v >&5
Using built-in specs.
COLLECT_GCC=gcc
COLLECT_LTO_WRAPPER=/usr/lib/gcc/i686-linux-gnu/4.8/lto-wrapper
Target: i686-linux-gnu
Configured with: ../src/configure -v --with-pkgversion='Ubuntu 4.8.2-19ubuntu1' --with-bugurl=file:///usr/share/doc/gcc-4.8/README.Bugs --enable-languages=c,c++,java,go,d,fortran,objc,obj-c++ --prefix=/usr --program-suffix=-4.8 --enable-shared --enable-linker-build-id --libexecdir=/usr/lib --without-included-gettext --enable-threads=posix --with-gxx-include-dir=/usr/include/c++/4.8 --libdir=/usr/lib --enable-nls --with-sysroot=/ --enable-clocale=gnu --enable-libstdcxx-debug --enable-libstdcxx-time=yes --enable-gnu-unique-object --disable-libmudflap --enable-plugin --with-system-zlib --disable-browser-plugin --enable-java-awt=gtk --enable-gtk-cairo --with-java-home=/usr/lib/jvm/java-1.5.0-gcj-4.8-i386/jre --enable-java-home --with-jvm-root-dir=/usr/lib/jvm/java-1.5.0-gcj-4.8-i386 --with-jvm-jar-dir=/usr/lib/jvm-exports/java-1.5.0-gcj-4.8-i386 --with-arch-directory=i386 --with-ecj-jar=/usr/share/java/eclipse-ecj.jar --enable-objc-gc --enable-targets=all --enable-multiarch --disable-werror --with-arch-32=i686 --with-multilib-list=m32,m64,mx32 --with-tune=generic --enable-checking=release --build=i686-linux-gnu --host=i686-linux-gnu --target=i686-linux-gnu
Thread model: posix
gcc version 4.8.2 (Ubuntu 4.8.2-19ubuntu1) 
configure:3412: $? = 0
configure:3419: gcc -V >&5
gcc: error: unrecognized command line option '-V'
gcc: fatal error: no input files
compilation terminated.
configure:3422: $? = 4
configure:3445: checking for C compiler default output file name
configure:3472: gcc -O3 -DNDEBUG -finline-functions -fno-strict-aliasing -pthread     conftest.c -lnsl -lutil  -lm  >&5
configure:3475: $? = 0
configure:3513: result: a.out
configure:3530: checking whether the C compiler works
configure:3540: ./a.out
configure:3543: $? = 0
configure:3560: result: yes
configure:3567: checking whether we are cross compiling
configure:3569: result: no
configure:3572: checking for suffix of executables
configure:3579: gcc -o conftest -O3 -DNDEBUG -finline-functions -fno-strict-aliasing -pthread     conftest.c -lnsl -lutil  -lm  >&5
configure:3582: $? = 0
configure:3606: result: 
configure:3612: checking for suffix of object files
configure:3638: gcc -c -O3 -DNDEBUG -finline-functions -fno-strict-aliasing -pthread   conftest.c >&5
configure:3641: $? = 0
configure:3664: result: o
configure:3668: checking whether we are using the GNU C compiler
configure:3697: gcc -c -O3 -DNDEBUG -finline-functions -fno-strict-aliasing -pthread   conftest.c >&5
configure:3703: $? = 0
configure:3720: result: yes
configure:3725: checking whether gcc accepts -g
configure:3755: gcc -c -g   conftest.c >&5
configure:3761: $? = 0
configure:3860: result: yes
configure:3877: checking for gcc option to accept ISO C89
configure:3951: gcc  -c -O3 -DNDEBUG -finline-functions -fno-strict-aliasing -pthread   conftest.c >&5
configure:3957: $? = 0
configure:3980: result: none needed
configure:4009: checking for style of include used by make
configure:4037: result: GNU
configure:4062: checking dependency style of gcc
configure:4153: result: gcc3
configure:4506: checking how to run the C preprocessor
configure:4546: gcc -E   conftest.c
configure:4552: $? = 0
configure:4583: gcc -E   conftest.c
conftest.c:9:28: fatal error: ac_nonexistent.h: No such file or directory
 #include <ac_nonexistent.h>
                            ^
compilation terminated.
configure:4589: $? = 1
configure: failed program was:
| /* confdefs.h.  */
| #define PACKAGE_NAME ""
| #define PACKAGE_TARNAME ""
| #define PACKAGE_VERSION ""
| #define PACKAGE_STRING ""
| #define PACKAGE_BUGREPORT ""
| #define HAVE_MPI_OFFSET 1
| /* end confdefs.h.  */
| #include <ac_nonexistent.h>
configure:4622: result: gcc -E
configure:4651: gcc -E   conftest.c
configure:4657: $? = 0
configure:4688: gcc -E   conftest.c
conftest.c:9:28: fatal error: ac_nonexistent.h: No such file or directory
 #include <ac_nonexistent.h>
                            ^
compilation terminated.
configure:4694: $? = 1
configure: failed program was:
| /* confdefs.h.  */
| #define PACKAGE_NAME ""
| #define PACKAGE_TARNAME ""
| #define PACKAGE_VERSION ""
| #define PACKAGE_STRING ""
| #define PACKAGE_BUGREPORT ""
| #define HAVE_MPI_OFFSET 1
| /* end confdefs.h.  */
| #include <ac_nonexistent.h>
configure:5144: checking for memalign
configure:5200: gcc -o conftest -O3 -DNDEBUG -finline-functions -fno-strict-aliasing -pthread     conftest.c -lnsl -lutil  -lm  >&5
configure:5206: $? = 0
configure:5224: result: yes
configure:5323: checking how to run the C preprocessor
configure:5439: result: gcc -E
configure:5468: gcc -E   conftest.c
configure:5474: $? = 0
configure:5505: gcc -E   conftest.c
conftest.c:10:28: fatal error: ac_nonexistent.h: No such file or directory
 #include <ac_nonexistent.h>
                            ^
compilation terminated.
configure:5511: $? = 1
configure: failed program was:
| /* confdefs.h.  */
| #define PACKAGE_NAME ""
| #define PACKAGE_TARNAME ""
| #define PACKAGE_VERSION ""
| #define PACKAGE_STRING ""
| #define PACKAGE_BUGREPORT ""
| #define HAVE_MPI_OFFSET 1
| #define HAVE_MEMALIGN 1
| /* end confdefs.h.  */
| #include <ac_nonexistent.h>
configure:5549: checking for grep that handles long lines and -e
configure:5623: result: /bin/grep
configure:5628: checking for egrep
configure:5706: result: /bin/grep -E
configure:5711: checking for ANSI C header files
configure:5741: gcc -c -O3 -DNDEBUG -finline-functions -fno-strict-aliasing -pthread   conftest.c >&5
configure:5747: $? = 0
configure:5846: gcc -o conftest -O3 -DNDEBUG -finline-functions -fno-strict-aliasing -pthread     conftest.c -lnsl -lutil  -lm  >&5
configure:5849: $? = 0
configure:5855: ./conftest
configure:5858: $? = 0
configure:5875: result: yes
configure:5899: checking for sys/types.h
configure:5920: gcc -c -O3 -DNDEBUG -finline-functions -fno-strict-aliasing -pthread   conftest.c >&5
configure:5926: $? = 0
configure:5942: result: yes
configure:5899: checking for sys/stat.h
configure:5920: gcc -c -O3 -DNDEBUG -finline-functions -fno-strict-aliasing -pthread   conftest.c >&5
configure:5926: $? = 0
configure:5942: result: yes
configure:5899: checking for stdlib.h
configure:5920: gcc -c -O3 -DNDEBUG -finline-functions -fno-strict-aliasing -pthread   conftest.c >&5
configure:5926: $? = 0
configure:5942: result: yes
configure:5899: checking for string.h
configure:5920: gcc -c -O3 -DNDEBUG -finline-functions -fno-strict-aliasing -pthread   conftest.c >&5
configure:5926: $? = 0
configure:5942: result: yes
configure:5899: checking for memory.h
configure:5920: gcc -c -O3 -DNDEBUG -finline-functions -fno-strict-aliasing -pthread   conftest.c >&5
configure:5926: $? = 0
configure:5942: result: yes
configure:5899: checking for strings.h
configure:5920: gcc -c -O3 -DNDEBUG -finline-functions -fno-strict-aliasing -pthread   conftest.c >&5
configure:5926: $? = 0
configure:5942: result: yes
configure:5899: checking for inttypes.h
configure:5920: gcc -c -O3 -DNDEBUG -finline-functions -fno-strict-aliasing -pthread   conftest.c >&5
configure:5926: $? = 0
configure:5942: result: yes
configure:5899: checking for stdint.h
configure:5920: gcc -c -O3 -DNDEBUG -finline-functions -fno-strict-aliasing -pthread   conftest.c >&5
configure:5926: $? = 0
configure:5942: result: yes
configure:5899: checking for unistd.h
configure:5920: gcc -c -O3 -DNDEBUG -finline-functions -fno-strict-aliasing -pthread   conftest.c >&5
configure:5926: $? = 0
configure:5942: result: yes
configure:5962: checking for unistd.h
configure:5968: result: yes
configure:5972: checking fcntl.h usability
configure:5989: gcc -c -O3 -DNDEBUG -finline-functions -fno-strict-aliasing -pthread   conftest.c >&5
configure:5995: $? = 0
configure:6009: result: yes
configure:6013: checking fcntl.h presence
configure:6028: gcc -E   conftest.c
configure:6034: $? = 0
configure:6048: result: yes
configure:6076: checking for fcntl.h
configure:6084: result: yes
configure:5972: checking malloc.h usability
configure:5989: gcc -c -O3 -DNDEBUG -finline-functions -fno-strict-aliasing -pthread   conftest.c >&5
configure:5995: $? = 0
configure:6009: result: yes
configure:6013: checking malloc.h presence
configure:6028: gcc -E   conftest.c
configure:6034: $? = 0
configure:6048: result: yes
configure:6076: checking for malloc.h
configure:6084: result: yes
configure:5972: checking stddef.h usability
configure:5989: gcc -c -O3 -DNDEBUG -finline-functions -fno-strict-aliasing -pthread   conftest.c >&5
configure:5995: $? = 0
configure:6009: result: yes
configure:6013: checking stddef.h presence
configure:6028: gcc -E   conftest.c
configure:6034: $? = 0
configure:6048: result: yes
configure:6076: checking for stddef.h
configure:6084: result: yes
configure:6100: checking for int
configure:6130: gcc -c -O3 -DNDEBUG -finline-functions -fno-strict-aliasing -pthread   conftest.c >&5
configure:6136: $? = 0
configure:6151: result: yes
configure:6158: checking size of int
configure:6460: gcc -o conftest -O3 -DNDEBUG -finline-functions -fno-strict-aliasing -pthread     conftest.c -lnsl -lutil  -lm  >&5
configure:6463: $? = 0
configure:6469: ./conftest
configure:6472: $? = 0
configure:6495: result: 4
configure:6505: checking for void *
configure:6535: gcc -c -O3 -DNDEBUG -finline-functions -fno-strict-aliasing -pthread   conftest.c >&5
configure:6541: $? = 0
configure:6556: result: yes
configure:6563: checking size of void *
configure:6865: gcc -o conftest -O3 -DNDEBUG -finline-functions -fno-strict-aliasing -pthread     conftest.c -lnsl -lutil  -lm  >&5
configure:6868: $? = 0
configure:6874: ./conftest
configure:6877: $? = 0
configure:6900: result: 4
configure:6910: checking for int large enough for pointers
configure:6926: result: yes
configure:6939: checking for long long
configure:6969: gcc -c -O3 -DNDEBUG -finline-functions -fno-strict-aliasing -pthread   conftest.c >&5
configure:6975: $? = 0
configure:6990: result: yes
configure:6997: checking size of long long
configure:7299: gcc -o conftest -O3 -DNDEBUG -finline-functions -fno-strict-aliasing -pthread     conftest.c -lnsl -lutil  -lm  >&5
configure:7302: $? = 0
configure:7308: ./conftest
configure:7311: $? = 0
configure:7334: result: 8
configure:8129: checking whether struct flock compatible with MPI_Offset
configure:8156: gcc -c -O3 -DNDEBUG -finline-functions -fno-strict-aliasing -pthread   conftest.c >&5
configure:8162: $? = 0
configure:8176: result: yes
configure:8259: checking configured file systems
configure:8261: result: testfs ufs nfs
configure:8271: WARNING: File locks may not work with NFS.  See the Installation and
users manual for instructions on testing and if necessary fixing this
configure:8885: checking for library containing aio_write
configure:8926: gcc -o conftest -O3 -DNDEBUG -finline-functions -fno-strict-aliasing -pthread     conftest.c  >&5
/tmp/ccvLWChD.o: In function `main':
conftest.c:(.text.startup+0x7): undefined reference to `aio_write'
collect2: error: ld returned 1 exit status
configure:8932: $? = 1
configure: failed program was:
| /* confdefs.h.  */
| #define PACKAGE_NAME ""
| #define PACKAGE_TARNAME ""
| #define PACKAGE_VERSION ""
| #define PACKAGE_STRING ""
| #define PACKAGE_BUGREPORT ""
| #define HAVE_MPI_OFFSET 1
| #define HAVE_MEMALIGN 1
| #define STDC_HEADERS 1
| #define HAVE_SYS_TYPES_H 1
| #define HAVE_SYS_STAT_H 1
| #define HAVE_STDLIB_H 1
| #define HAVE_STRING_H 1
| #define HAVE_MEMORY_H 1
| #define HAVE_STRINGS_H 1
| #define HAVE_INTTYPES_H 1
| #define HAVE_STDINT_H 1
| #define HAVE_UNISTD_H 1
| #define HAVE_UNISTD_H 1
| #define HAVE_FCNTL_H 1
| #define HAVE_MALLOC_H 1
| #define HAVE_STDDEF_H 1
| #define SIZEOF_INT 4
| #define SIZEOF_VOID_P 4
| #define SIZEOF_LONG_LONG 8
| #define HAVE_LONG_LONG_64 1
| #define HAVE_MPI_INFO 1
| #define ROMIO_NFS 1
| #define ROMIO_UFS 1
| #define ROMIO_TESTFS 1
| /* end confdefs.h.  */
| 
| /* Override any GCC internal prototype to avoid an error.
|    Use char because int might match the return type of a GCC
|    builtin and then its argument prototype would still apply.  */
| #ifdef __cplusplus
| extern "C"
| #endif
| char aio_write ();
| int
| main ()
| {
| return aio_write ();
|   ;
|   return 0;
| }
configure:8926: gcc -o conftest -O3 -DNDEBUG -finline-functions -fno-strict-aliasing -pthread     conftest.c -laio   >&5
/usr/bin/ld: cannot find -laio
collect2: error: ld returned 1 exit status
configure:8932: $? = 1
configure: failed program was:
| /* confdefs.h.  */
| #define PACKAGE_NAME ""
| #define PACKAGE_TARNAME ""
| #define PACKAGE_VERSION ""
| #define PACKAGE_STRING ""
| #define PACKAGE_BUGREPORT ""
| #define HAVE_MPI_OFFSET 1
| #define HAVE_MEMALIGN 1
| #define STDC_HEADERS 1
| #define HAVE_SYS_TYPES_H 1
| #define HAVE_SYS_STAT_H 1
| #define HAVE_STDLIB_H 1
| #define HAVE_STRING_H 1
| #define HAVE_MEMORY_H 1
| #define HAVE_STRINGS_H 1
| #define HAVE_INTTYPES_H 1
| #define HAVE_STDINT_H 1
| #define HAVE_UNISTD_H 1
| #define HAVE_UNISTD_H 1
| #define HAVE_FCNTL_H 1
| #define HAVE_MALLOC_H 1
| #define HAVE_STDDEF_H 1
| #define SIZEOF_INT 4
| #define SIZEOF_VOID_P 4
| #define SIZEOF_LONG_LONG 8
| #define HAVE_LONG_LONG_64 1
| #define HAVE_MPI_INFO 1
| #define ROMIO_NFS 1
| #define ROMIO_UFS 1
| #define ROMIO_TESTFS 1
| /* end confdefs.h.  */
| 
| /* Override any GCC internal prototype to avoid an error.
|    Use char because int might match the return type of a GCC
|    builtin and then its argument prototype would still apply.  */
| #ifdef __cplusplus
| extern "C"
| #endif
| char aio_write ();
| int
| main ()
| {
| return aio_write ();
|   ;
|   return 0;
| }
configure:8926: gcc -o conftest -O3 -DNDEBUG -finline-functions -fno-strict-aliasing -pthread     conftest.c -lrt   >&5
configure:8932: $? = 0
configure:8960: result: -lrt
configure:9191: checking signal.h usability
configure:9208: gcc -c -O3 -DNDEBUG -finline-functions -fno-strict-aliasing -pthread   conftest.c >&5
configure:9214: $? = 0
configure:9228: result: yes
configure:9232: checking signal.h presence
configure:9247: gcc -E   conftest.c
configure:9253: $? = 0
configure:9267: result: yes
configure:9295: checking for signal.h
configure:9303: result: yes
configure:9318: checking if aio.h exists and can be compiled
configure:9342: gcc -c -O3 -DNDEBUG -finline-functions -fno-strict-aliasing -pthread   conftest.c >&5
configure:9348: $? = 0
configure:9362: result: yes
configure:9372: checking if sys/aio.h exists and can be compiled
configure:9396: gcc -c -O3 -DNDEBUG -finline-functions -fno-strict-aliasing -pthread   conftest.c >&5
conftest.c:35:21: fatal error: sys/aio.h: No such file or directory
 #include <sys/aio.h>
                     ^
compilation terminated.
configure:9402: $? = 1
configure: failed program was:
| /* confdefs.h.  */
| #define PACKAGE_NAME ""
| #define PACKAGE_TARNAME ""
| #define PACKAGE_VERSION ""
| #define PACKAGE_STRING ""
| #define PACKAGE_BUGREPORT ""
| #define HAVE_MPI_OFFSET 1
| #define HAVE_MEMALIGN 1
| #define STDC_HEADERS 1
| #define HAVE_SYS_TYPES_H 1
| #define HAVE_SYS_STAT_H 1
| #define HAVE_STDLIB_H 1
| #define HAVE_STRING_H 1
| #define HAVE_MEMORY_H 1
| #define HAVE_STRINGS_H 1
| #define HAVE_INTTYPES_H 1
| #define HAVE_STDINT_H 1
| #define HAVE_UNISTD_H 1
| #define HAVE_UNISTD_H 1
| #define HAVE_FCNTL_H 1
| #define HAVE_MALLOC_H 1
| #define HAVE_STDDEF_H 1
| #define SIZEOF_INT 4
| #define SIZEOF_VOID_P 4
| #define SIZEOF_LONG_LONG 8
| #define HAVE_LONG_LONG_64 1
| #define HAVE_MPI_INFO 1
| #define ROMIO_NFS 1
| #define ROMIO_UFS 1
| #define ROMIO_TESTFS 1
| #define HAVE_SIGNAL_H 1
| #define HAVE_AIO_H 1
| /* end confdefs.h.  */
| 
| #include <sys/aio.h>
| int
| main ()
| {
| 
|   ;
|   return 0;
| }
configure:9416: result: no
configure:9436: checking whether aio routines can be used
configure:9479: gcc -o conftest -O3 -DNDEBUG -finline-functions -fno-strict-aliasing -pthread     conftest.c -lnsl -lutil  -lm   -lrt  >&5
configure:9482: $? = 0
configure:9488: ./conftest
configure:9491: $? = 0
configure:9494: result: yes
configure:9528: checking for obsolete two-argument aio_write
configure:9568: gcc -o conftest -O3 -DNDEBUG -finline-functions -fno-strict-aliasing -pthread     conftest.c -lnsl -lutil  -lm   -lrt  >&5
conftest.c: In function 'main':
conftest.c:50:3: warning: passing argument 1 of 'aio_write' makes pointer from integer without a cast [enabled by default]
   if (argc > 10) aio_write(fd, aiocbp);
   ^
In file included from conftest.c:41:0:
/usr/include/aio.h:147:12: note: expected 'struct aiocb *' but argument is of type 'int'
 extern int aio_write (struct aiocb *__aiocbp) __THROW __nonnull ((1));
            ^
conftest.c:50:3: error: too many arguments to function 'aio_write'
   if (argc > 10) aio_write(fd, aiocbp);
   ^
In file included from conftest.c:41:0:
/usr/include/aio.h:147:12: note: declared here
 extern int aio_write (struct aiocb *__aiocbp) __THROW __nonnull ((1));
            ^
configure:9571: $? = 1
configure: program exited with status 1
configure: failed program was:
| /* confdefs.h.  */
| #define PACKAGE_NAME ""
| #define PACKAGE_TARNAME ""
| #define PACKAGE_VERSION ""
| #define PACKAGE_STRING ""
| #define PACKAGE_BUGREPORT ""
| #define HAVE_MPI_OFFSET 1
| #define HAVE_MEMALIGN 1
| #define STDC_HEADERS 1
| #define HAVE_SYS_TYPES_H 1
| #define HAVE_SYS_STAT_H 1
| #define HAVE_STDLIB_H 1
| #define HAVE_STRING_H 1
| #define HAVE_MEMORY_H 1
| #define HAVE_STRINGS_H 1
| #define HAVE_INTTYPES_H 1
| #define HAVE_STDINT_H 1
| #define HAVE_UNISTD_H 1
| #define HAVE_UNISTD_H 1
| #define HAVE_FCNTL_H 1
| #define HAVE_MALLOC_H 1
| #define HAVE_STDDEF_H 1
| #define SIZEOF_INT 4
| #define SIZEOF_VOID_P 4
| #define SIZEOF_LONG_LONG 8
| #define HAVE_LONG_LONG_64 1
| #define HAVE_MPI_INFO 1
| #define ROMIO_NFS 1
| #define ROMIO_UFS 1
| #define ROMIO_TESTFS 1
| #define HAVE_SIGNAL_H 1
| #define HAVE_AIO_H 1
| #define ROMIO_HAVE_WORKING_AIO 1
| /* end confdefs.h.  */
| 
| #include <sys/types.h>
| #ifdef HAVE_SIGNAL_H
| #include <signal.h>
| #endif
| #ifdef HAVE_AIO_H
| #include <aio.h>
| #endif
| #ifdef HAVE_SYS_AIO_H
| #include <sys/aio.h>
| #endif
| 	int main(int argc, char **argv)
| 	{
| 		int fd;
| 		struct aiocb *aiocbp;
| 		if (argc > 10) aio_write(fd, aiocbp);
| 		return 0;
| 	}
| 
configure:9592: result: no
configure:9613: checking for obsolete two-argument aio_suspend
configure:9652: gcc -o conftest -O3 -DNDEBUG -finline-functions -fno-strict-aliasing -pthread     conftest.c -lnsl -lutil  -lm   -lrt  >&5
conftest.c: In function 'main':
conftest.c:49:3: warning: passing argument 1 of 'aio_suspend' makes pointer from integer without a cast [enabled by default]
   if (argc > 10) aio_suspend(1, &aiocbp);
   ^
In file included from conftest.c:41:0:
/usr/include/aio.h:169:12: note: expected 'const struct aiocb * const*' but argument is of type 'int'
 extern int aio_suspend (const struct aiocb *const __list[], int __nent,
            ^
conftest.c:49:3: warning: passing argument 2 of 'aio_suspend' makes integer from pointer without a cast [enabled by default]
   if (argc > 10) aio_suspend(1, &aiocbp);
   ^
In file included from conftest.c:41:0:
/usr/include/aio.h:169:12: note: expected 'int' but argument is of type 'struct aiocb **'
 extern int aio_suspend (const struct aiocb *const __list[], int __nent,
            ^
conftest.c:49:3: error: too few arguments to function 'aio_suspend'
   if (argc > 10) aio_suspend(1, &aiocbp);
   ^
In file included from conftest.c:41:0:
/usr/include/aio.h:169:12: note: declared here
 extern int aio_suspend (const struct aiocb *const __list[], int __nent,
            ^
configure:9655: $? = 1
configure: program exited with status 1
configure: failed program was:
| /* confdefs.h.  */
| #define PACKAGE_NAME ""
| #define PACKAGE_TARNAME ""
| #define PACKAGE_VERSION ""
| #define PACKAGE_STRING ""
| #define PACKAGE_BUGREPORT ""
| #define HAVE_MPI_OFFSET 1
| #define HAVE_MEMALIGN 1
| #define STDC_HEADERS 1
| #define HAVE_SYS_TYPES_H 1
| #define HAVE_SYS_STAT_H 1
| #define HAVE_STDLIB_H 1
| #define HAVE_STRING_H 1
| #define HAVE_MEMORY_H 1
| #define HAVE_STRINGS_H 1
| #define HAVE_INTTYPES_H 1
| #define HAVE_STDINT_H 1
| #define HAVE_UNISTD_H 1
| #define HAVE_UNISTD_H 1
| #define HAVE_FCNTL_H 1
| #define HAVE_MALLOC_H 1
| #define HAVE_STDDEF_H 1
| #define SIZEOF_INT 4
| #define SIZEOF_VOID_P 4
| #define SIZEOF_LONG_LONG 8
| #define HAVE_LONG_LONG_64 1
| #define HAVE_MPI_INFO 1
| #define ROMIO_NFS 1
| #define ROMIO_UFS 1
| #define ROMIO_TESTFS 1
| #define HAVE_SIGNAL_H 1
| #define HAVE_AIO_H 1
| #define ROMIO_HAVE_WORKING_AIO 1
| /* end confdefs.h.  */
| 
| #include <sys/types.h>
| #ifdef HAVE_SIGNAL_H
| #include <signal.h>
| #endif
| #ifdef HAVE_AIO_H
| #include <aio.h>
| #endif
| #ifdef HAVE_SYS_AIO_H
| #include <sys/aio.h>
| #endif
| 	int main(int argc, char **argv)
| 	{
| 		struct aiocb *aiocbp;
| 		if (argc > 10) aio_suspend(1, &aiocbp);
| 		return 0;
| 	}
| 
configure:9676: result: no
configure:9694: checking for aio_fildes member of aiocb structure
configure:9730: gcc -c -O3 -DNDEBUG -finline-functions -fno-strict-aliasing -pthread   conftest.c >&5
configure:9736: $? = 0
configure:9741: result: yes
configure:9758: checking for aio_whence member of aiocb structure
configure:9796: gcc -c -O3 -DNDEBUG -finline-functions -fno-strict-aliasing -pthread   conftest.c >&5
conftest.c: In function 'main':
conftest.c:54:3: error: 'struct aiocb' has no member named 'aio_whence'
  a.aio_whence = SEEK_SET;
   ^
configure:9802: $? = 1
configure: failed program was:
| /* confdefs.h.  */
| #define PACKAGE_NAME ""
| #define PACKAGE_TARNAME ""
| #define PACKAGE_VERSION ""
| #define PACKAGE_STRING ""
| #define PACKAGE_BUGREPORT ""
| #define HAVE_MPI_OFFSET 1
| #define HAVE_MEMALIGN 1
| #define STDC_HEADERS 1
| #define HAVE_SYS_TYPES_H 1
| #define HAVE_SYS_STAT_H 1
| #define HAVE_STDLIB_H 1
| #define HAVE_STRING_H 1
| #define HAVE_MEMORY_H 1
| #define HAVE_STRINGS_H 1
| #define HAVE_INTTYPES_H 1
| #define HAVE_STDINT_H 1
| #define HAVE_UNISTD_H 1
| #define HAVE_UNISTD_H 1
| #define HAVE_FCNTL_H 1
| #define HAVE_MALLOC_H 1
| #define HAVE_STDDEF_H 1
| #define SIZEOF_INT 4
| #define SIZEOF_VOID_P 4
| #define SIZEOF_LONG_LONG 8
| #define HAVE_LONG_LONG_64 1
| #define HAVE_MPI_INFO 1
| #define ROMIO_NFS 1
| #define ROMIO_UFS 1
| #define ROMIO_TESTFS 1
| #define HAVE_SIGNAL_H 1
| #define HAVE_AIO_H 1
| #define ROMIO_HAVE_WORKING_AIO 1
| #define ROMIO_HAVE_STRUCT_AIOCB_WITH_AIO_FILDES 1
| /* end confdefs.h.  */
| 
| 	#ifdef HAVE_SIGNAL_H
| 	#include <signal.h>
| 	#endif
| 	#ifdef HAVE_AIO_H
| 	#include <aio.h>
| 	#endif
| 	#ifdef HAVE_SYS_AIO_H
| 	#include <sys/aio.h>
| 	#endif
| 	#include <sys/types.h>
| 	#include <unistd.h>
| 
| int
| main ()
| {
| 
| 	struct aiocb a;
| 	a.aio_whence = SEEK_SET;
| 
|   ;
|   return 0;
| }
configure:9818: result: no
configure:9824: checking for aio_handle member of aiocb structure
configure:9862: gcc -c -O3 -DNDEBUG -finline-functions -fno-strict-aliasing -pthread   conftest.c >&5
conftest.c: In function 'main':
conftest.c:52:2: error: unknown type name 'aio_handle_t'
  aio_handle_t h;
  ^
conftest.c:54:3: error: 'struct aiocb' has no member named 'aio_handle'
  a.aio_handle = h;
   ^
configure:9868: $? = 1
configure: failed program was:
| /* confdefs.h.  */
| #define PACKAGE_NAME ""
| #define PACKAGE_TARNAME ""
| #define PACKAGE_VERSION ""
| #define PACKAGE_STRING ""
| #define PACKAGE_BUGREPORT ""
| #define HAVE_MPI_OFFSET 1
| #define HAVE_MEMALIGN 1
| #define STDC_HEADERS 1
| #define HAVE_SYS_TYPES_H 1
| #define HAVE_SYS_STAT_H 1
| #define HAVE_STDLIB_H 1
| #define HAVE_STRING_H 1
| #define HAVE_MEMORY_H 1
| #define HAVE_STRINGS_H 1
| #define HAVE_INTTYPES_H 1
| #define HAVE_STDINT_H 1
| #define HAVE_UNISTD_H 1
| #define HAVE_UNISTD_H 1
| #define HAVE_FCNTL_H 1
| #define HAVE_MALLOC_H 1
| #define HAVE_STDDEF_H 1
| #define SIZEOF_INT 4
| #define SIZEOF_VOID_P 4
| #define SIZEOF_LONG_LONG 8
| #define HAVE_LONG_LONG_64 1
| #define HAVE_MPI_INFO 1
| #define ROMIO_NFS 1
| #define ROMIO_UFS 1
| #define ROMIO_TESTFS 1
| #define HAVE_SIGNAL_H 1
| #define HAVE_AIO_H 1
| #define ROMIO_HAVE_WORKING_AIO 1
| #define ROMIO_HAVE_STRUCT_AIOCB_WITH_AIO_FILDES 1
| /* end confdefs.h.  */
| 
| 	#ifdef HAVE_SIGNAL_H
| 	#include <signal.h>
| 	#endif
| 	#ifdef HAVE_AIO_H
| 	#include <aio.h>
| 	#endif
| 	#ifdef HAVE_SYS_AIO_H
| 	#include <sys/aio.h>
| 	#endif
| 
| int
| main ()
| {
| 
| 	struct aiocb a;
| 	aio_handle_t h;
| 
| 	a.aio_handle = h;
| 
|   ;
|   return 0;
| }
configure:9884: result: no
configure:9890: checking for aio_reqprio member of aiocb structure
configure:9927: gcc -c -O3 -DNDEBUG -finline-functions -fno-strict-aliasing -pthread   conftest.c >&5
configure:9933: $? = 0
configure:9938: result: yes
configure:9955: checking for aio_sigevent member of aiocb structure
configure:9992: gcc -c -O3 -DNDEBUG -finline-functions -fno-strict-aliasing -pthread   conftest.c >&5
configure:9998: $? = 0
configure:10003: result: yes
configure:10045: checking sys/vfs.h usability
configure:10062: gcc -c -O3 -DNDEBUG -finline-functions -fno-strict-aliasing -pthread   conftest.c >&5
configure:10068: $? = 0
configure:10082: result: yes
configure:10086: checking sys/vfs.h presence
configure:10101: gcc -E   conftest.c
configure:10107: $? = 0
configure:10121: result: yes
configure:10149: checking for sys/vfs.h
configure:10157: result: yes
configure:10045: checking sys/param.h usability
configure:10062: gcc -c -O3 -DNDEBUG -finline-functions -fno-strict-aliasing -pthread   conftest.c >&5
configure:10068: $? = 0
configure:10082: result: yes
configure:10086: checking sys/param.h presence
configure:10101: gcc -E   conftest.c
configure:10107: $? = 0
configure:10121: result: yes
configure:10149: checking for sys/param.h
configure:10157: result: yes
configure:10045: checking sys/mount.h usability
configure:10062: gcc -c -O3 -DNDEBUG -finline-functions -fno-strict-aliasing -pthread   conftest.c >&5
configure:10068: $? = 0
configure:10082: result: yes
configure:10086: checking sys/mount.h presence
configure:10101: gcc -E   conftest.c
configure:10107: $? = 0
configure:10121: result: yes
configure:10149: checking for sys/mount.h
configure:10157: result: yes
configure:10045: checking sys/statvfs.h usability
configure:10062: gcc -c -O3 -DNDEBUG -finline-functions -fno-strict-aliasing -pthread   conftest.c >&5
configure:10068: $? = 0
configure:10082: result: yes
configure:10086: checking sys/statvfs.h presence
configure:10101: gcc -E   conftest.c
configure:10107: $? = 0
configure:10121: result: yes
configure:10149: checking for sys/statvfs.h
configure:10157: result: yes
configure:10170: checking whether struct statfs properly defined
configure:10208: gcc -c -O3 -DNDEBUG -finline-functions -fno-strict-aliasing -pthread   conftest.c >&5
configure:10214: $? = 0
configure:10229: result: yes
configure:10243: checking for f_fstypename member of statfs structure
configure:10274: gcc -c -O3 -DNDEBUG -finline-functions -fno-strict-aliasing -pthread   conftest.c >&5
conftest.c: In function 'main':
conftest.c:52:19: error: storage size of 'f' isn't known
     struct statfs f;
                   ^
configure:10280: $? = 1
configure: failed program was:
| /* confdefs.h.  */
| #define PACKAGE_NAME ""
| #define PACKAGE_TARNAME ""
| #define PACKAGE_VERSION ""
| #define PACKAGE_STRING ""
| #define PACKAGE_BUGREPORT ""
| #define HAVE_MPI_OFFSET 1
| #define HAVE_MEMALIGN 1
| #define STDC_HEADERS 1
| #define HAVE_SYS_TYPES_H 1
| #define HAVE_SYS_STAT_H 1
| #define HAVE_STDLIB_H 1
| #define HAVE_STRING_H 1
| #define HAVE_MEMORY_H 1
| #define HAVE_STRINGS_H 1
| #define HAVE_INTTYPES_H 1
| #define HAVE_STDINT_H 1
| #define HAVE_UNISTD_H 1
| #define HAVE_UNISTD_H 1
| #define HAVE_FCNTL_H 1
| #define HAVE_MALLOC_H 1
| #define HAVE_STDDEF_H 1
| #define SIZEOF_INT 4
| #define SIZEOF_VOID_P 4
| #define SIZEOF_LONG_LONG 8
| #define HAVE_LONG_LONG_64 1
| #define HAVE_MPI_INFO 1
| #define ROMIO_NFS 1
| #define ROMIO_UFS 1
| #define ROMIO_TESTFS 1
| #define HAVE_SIGNAL_H 1
| #define HAVE_AIO_H 1
| #define ROMIO_HAVE_WORKING_AIO 1
| #define ROMIO_HAVE_STRUCT_AIOCB_WITH_AIO_FILDES 1
| #define ROMIO_HAVE_STRUCT_AIOCB_WITH_AIO_REQPRIO 1
| #define ROMIO_HAVE_STRUCT_AIOCB_WITH_AIO_SIGEVENT 1
| #define HAVE_SYS_VFS_H 1
| #define HAVE_SYS_PARAM_H 1
| #define HAVE_SYS_MOUNT_H 1
| #define HAVE_SYS_STATVFS_H 1
| #define HAVE_STRUCT_STATFS 1
| /* end confdefs.h.  */
| 
|     #include <sys/param.h>
|     #include <sys/mount.h>
|     #include <string.h>
| 
| int
| main ()
| {
| 
|     struct statfs f;
|     memset(&f, 0, sizeof(f));
|     strncmp("nfs", f.f_fstypename, 3);
| 
|   ;
|   return 0;
| }
configure:10295: result: no
configure:10315: checking for sys/stat.h
configure:10321: result: yes
configure:10315: checking for sys/types.h
configure:10321: result: yes
configure:10315: checking for unistd.h
configure:10321: result: yes
configure:10454: checking for stat
configure:10510: gcc -o conftest -O3 -DNDEBUG -finline-functions -fno-strict-aliasing -pthread     conftest.c -lnsl -lutil  -lm  >&5
configure:10516: $? = 0
configure:10534: result: yes
configure:10545: checking for st_fstype member of stat structure
configure:10582: gcc -c -O3 -DNDEBUG -finline-functions -fno-strict-aliasing -pthread   conftest.c >&5
conftest.c: In function 'main':
conftest.c:65:3: error: 'struct stat' has no member named 'st_fstype'
  s.st_fstype = NULL;
   ^
configure:10588: $? = 1
configure: failed program was:
| /* confdefs.h.  */
| #define PACKAGE_NAME ""
| #define PACKAGE_TARNAME ""
| #define PACKAGE_VERSION ""
| #define PACKAGE_STRING ""
| #define PACKAGE_BUGREPORT ""
| #define HAVE_MPI_OFFSET 1
| #define HAVE_MEMALIGN 1
| #define STDC_HEADERS 1
| #define HAVE_SYS_TYPES_H 1
| #define HAVE_SYS_STAT_H 1
| #define HAVE_STDLIB_H 1
| #define HAVE_STRING_H 1
| #define HAVE_MEMORY_H 1
| #define HAVE_STRINGS_H 1
| #define HAVE_INTTYPES_H 1
| #define HAVE_STDINT_H 1
| #define HAVE_UNISTD_H 1
| #define HAVE_UNISTD_H 1
| #define HAVE_FCNTL_H 1
| #define HAVE_MALLOC_H 1
| #define HAVE_STDDEF_H 1
| #define SIZEOF_INT 4
| #define SIZEOF_VOID_P 4
| #define SIZEOF_LONG_LONG 8
| #define HAVE_LONG_LONG_64 1
| #define HAVE_MPI_INFO 1
| #define ROMIO_NFS 1
| #define ROMIO_UFS 1
| #define ROMIO_TESTFS 1
| #define HAVE_SIGNAL_H 1
| #define HAVE_AIO_H 1
| #define ROMIO_HAVE_WORKING_AIO 1
| #define ROMIO_HAVE_STRUCT_AIOCB_WITH_AIO_FILDES 1
| #define ROMIO_HAVE_STRUCT_AIOCB_WITH_AIO_REQPRIO 1
| #define ROMIO_HAVE_STRUCT_AIOCB_WITH_AIO_SIGEVENT 1
| #define HAVE_SYS_VFS_H 1
| #define HAVE_SYS_PARAM_H 1
| #define HAVE_SYS_MOUNT_H 1
| #define HAVE_SYS_STATVFS_H 1
| #define HAVE_STRUCT_STATFS 1
| #define HAVE_SYS_STAT_H 1
| #define HAVE_SYS_TYPES_H 1
| #define HAVE_UNISTD_H 1
| #define HAVE_STAT 1
| #define HAVE_STAT 1
| /* end confdefs.h.  */
| 
| 	#ifdef HAVE_SYS_TYPES_H
| 	#include <sys/types.h>
| 	#endif
| 	#ifdef HAVE_SYS_STAT_H
| 	#include <sys/stat.h>
| 	#endif
| 	#ifdef HAVE_UNISTD_H
| 	#include <unistd.h>
| 	#endif
| 
| int
| main ()
| {
| 
| 	struct stat s;
| 
| 	s.st_fstype = NULL;
| 
|   ;
|   return 0;
| }
configure:10604: result: no
configure:10625: checking for sys/types.h
configure:10631: result: yes
configure:10625: checking for sys/statvfs.h
configure:10631: result: yes
configure:10625: checking for sys/vfs.h
configure:10631: result: yes
configure:10764: checking for statvfs
configure:10820: gcc -o conftest -O3 -DNDEBUG -finline-functions -fno-strict-aliasing -pthread     conftest.c -lnsl -lutil  -lm  >&5
configure:10826: $? = 0
configure:10844: result: yes
configure:10855: checking for f_basetype member of statvfs structure
configure:10892: gcc -c -O3 -DNDEBUG -finline-functions -fno-strict-aliasing -pthread   conftest.c >&5
conftest.c: In function 'main':
conftest.c:70:5: error: 'struct statvfs' has no member named 'f_basetype'
  foo.f_basetype = NULL;
     ^
conftest.c:70:19: error: 'NULL' undeclared (first use in this function)
  foo.f_basetype = NULL;
                   ^
conftest.c:70:19: note: each undeclared identifier is reported only once for each function it appears in
configure:10898: $? = 1
configure: failed program was:
| /* confdefs.h.  */
| #define PACKAGE_NAME ""
| #define PACKAGE_TARNAME ""
| #define PACKAGE_VERSION ""
| #define PACKAGE_STRING ""
| #define PACKAGE_BUGREPORT ""
| #define HAVE_MPI_OFFSET 1
| #define HAVE_MEMALIGN 1
| #define STDC_HEADERS 1
| #define HAVE_SYS_TYPES_H 1
| #define HAVE_SYS_STAT_H 1
| #define HAVE_STDLIB_H 1
| #define HAVE_STRING_H 1
| #define HAVE_MEMORY_H 1
| #define HAVE_STRINGS_H 1
| #define HAVE_INTTYPES_H 1
| #define HAVE_STDINT_H 1
| #define HAVE_UNISTD_H 1
| #define HAVE_UNISTD_H 1
| #define HAVE_FCNTL_H 1
| #define HAVE_MALLOC_H 1
| #define HAVE_STDDEF_H 1
| #define SIZEOF_INT 4
| #define SIZEOF_VOID_P 4
| #define SIZEOF_LONG_LONG 8
| #define HAVE_LONG_LONG_64 1
| #define HAVE_MPI_INFO 1
| #define ROMIO_NFS 1
| #define ROMIO_UFS 1
| #define ROMIO_TESTFS 1
| #define HAVE_SIGNAL_H 1
| #define HAVE_AIO_H 1
| #define ROMIO_HAVE_WORKING_AIO 1
| #define ROMIO_HAVE_STRUCT_AIOCB_WITH_AIO_FILDES 1
| #define ROMIO_HAVE_STRUCT_AIOCB_WITH_AIO_REQPRIO 1
| #define ROMIO_HAVE_STRUCT_AIOCB_WITH_AIO_SIGEVENT 1
| #define HAVE_SYS_VFS_H 1
| #define HAVE_SYS_PARAM_H 1
| #define HAVE_SYS_MOUNT_H 1
| #define HAVE_SYS_STATVFS_H 1
| #define HAVE_STRUCT_STATFS 1
| #define HAVE_SYS_STAT_H 1
| #define HAVE_SYS_TYPES_H 1
| #define HAVE_UNISTD_H 1
| #define HAVE_STAT 1
| #define HAVE_STAT 1
| #define HAVE_SYS_TYPES_H 1
| #define HAVE_SYS_STATVFS_H 1
| #define HAVE_SYS_VFS_H 1
| #define HAVE_STATVFS 1
| #define HAVE_STATVFS 1
| /* end confdefs.h.  */
| 
| 	#ifdef HAVE_SYS_TYPES_H
| 	#include <sys/types.h>
| 	#endif
|         #ifdef HAVE_SYS_VFS_H
|         #include <sys/vfs.h>
|         #endif
| 	#ifdef HAVE_SYS_STATVFS_H
| 	#include <sys/statvfs.h>
| 	#endif
| 
| int
| main ()
| {
| 
| 	struct statvfs foo;
| 
| 	foo.f_basetype = NULL;
| 
|   ;
|   return 0;
| }
configure:10914: result: no
configure:10935: checking for unistd.h
configure:10941: result: yes
configure:11071: checking for large file defines
configure:11104: gcc -c -O3 -DNDEBUG -finline-functions -fno-strict-aliasing -pthread   conftest.c >&5
configure:11110: $? = 0
configure:11125: result: yes
configure:11129: checking whether off64_t is an scalar type
configure:11161: gcc -c -O3 -DNDEBUG -finline-functions -fno-strict-aliasing -pthread   conftest.c >&5
configure:11167: $? = 0
configure:11182: result: yes
configure:11270: checking for strerror
configure:11326: gcc -o conftest -O3 -DNDEBUG -finline-functions -fno-strict-aliasing -pthread -D_LARGEFILE64_SOURCE -D_FILE_OFFSET_BITS=64     conftest.c -lnsl -lutil  -lm  >&5
configure:11332: $? = 0
configure:11350: result: yes
configure:11445: checking for doctext
configure:11475: result: no
configure:11771: checking for strdup
configure:11827: gcc -o conftest -O3 -DNDEBUG -finline-functions -fno-strict-aliasing -pthread -D_LARGEFILE64_SOURCE -D_FILE_OFFSET_BITS=64     conftest.c -lnsl -lutil  -lm  >&5
conftest.c:81:6: warning: conflicting types for built-in function 'strdup' [enabled by default]
 char strdup ();
      ^
configure:11833: $? = 0
configure:11851: result: yes
configure:11864: checking whether strdup needs a declaration
configure:11891: gcc -c -O3 -DNDEBUG -finline-functions -fno-strict-aliasing -pthread -D_LARGEFILE64_SOURCE -D_FILE_OFFSET_BITS=64   conftest.c >&5
conftest.c: In function 'main':
conftest.c:63:30: error: macro "strdup" passed 4 arguments, but takes just 1
 int a=strdup(1.0,27,1.0,"foo");
                              ^
conftest.c:63:7: warning: initialization makes integer from pointer without a cast [enabled by default]
 int a=strdup(1.0,27,1.0,"foo");
       ^
configure:11897: $? = 1
configure: failed program was:
| /* confdefs.h.  */
| #define PACKAGE_NAME ""
| #define PACKAGE_TARNAME ""
| #define PACKAGE_VERSION ""
| #define PACKAGE_STRING ""
| #define PACKAGE_BUGREPORT ""
| #define HAVE_MPI_OFFSET 1
| #define HAVE_MEMALIGN 1
| #define STDC_HEADERS 1
| #define HAVE_SYS_TYPES_H 1
| #define HAVE_SYS_STAT_H 1
| #define HAVE_STDLIB_H 1
| #define HAVE_STRING_H 1
| #define HAVE_MEMORY_H 1
| #define HAVE_STRINGS_H 1
| #define HAVE_INTTYPES_H 1
| #define HAVE_STDINT_H 1
| #define HAVE_UNISTD_H 1
| #define HAVE_UNISTD_H 1
| #define HAVE_FCNTL_H 1
| #define HAVE_MALLOC_H 1
| #define HAVE_STDDEF_H 1
| #define SIZEOF_INT 4
| #define SIZEOF_VOID_P 4
| #define SIZEOF_LONG_LONG 8
| #define HAVE_LONG_LONG_64 1
| #define HAVE_MPI_INFO 1
| #define ROMIO_NFS 1
| #define ROMIO_UFS 1
| #define ROMIO_TESTFS 1
| #define HAVE_SIGNAL_H 1
| #define HAVE_AIO_H 1
| #define ROMIO_HAVE_WORKING_AIO 1
| #define ROMIO_HAVE_STRUCT_AIOCB_WITH_AIO_FILDES 1
| #define ROMIO_HAVE_STRUCT_AIOCB_WITH_AIO_REQPRIO 1
| #define ROMIO_HAVE_STRUCT_AIOCB_WITH_AIO_SIGEVENT 1
| #define HAVE_SYS_VFS_H 1
| #define HAVE_SYS_PARAM_H 1
| #define HAVE_SYS_MOUNT_H 1
| #define HAVE_SYS_STATVFS_H 1
| #define HAVE_STRUCT_STATFS 1
| #define HAVE_SYS_STAT_H 1
| #define HAVE_SYS_TYPES_H 1
| #define HAVE_UNISTD_H 1
| #define HAVE_STAT 1
| #define HAVE_STAT 1
| #define HAVE_SYS_TYPES_H 1
| #define HAVE_SYS_STATVFS_H 1
| #define HAVE_SYS_VFS_H 1
| #define HAVE_STATVFS 1
| #define HAVE_STATVFS 1
| #define HAVE_UNISTD_H 1
| #define HAVE_STRERROR 1
| #define HAVE_STATUS_SET_BYTES 1
| #define HAVE_MPI_DARRAY_SUBARRAY 1
| #define MPIO_BUILD_PROFILING 1
| #define HAVE_STRDUP 1
| /* end confdefs.h.  */
| #include <string.h>
| int
| main ()
| {
| int a=strdup(1.0,27,1.0,"foo");
|   ;
|   return 0;
| }
configure:11912: result: no
configure:11928: checking for snprintf
configure:11984: gcc -o conftest -O3 -DNDEBUG -finline-functions -fno-strict-aliasing -pthread -D_LARGEFILE64_SOURCE -D_FILE_OFFSET_BITS=64     conftest.c -lnsl -lutil  -lm  >&5
conftest.c:82:6: warning: conflicting types for built-in function 'snprintf' [enabled by default]
 char snprintf ();
      ^
configure:11990: $? = 0
configure:12008: result: yes
configure:12021: checking whether snprintf needs a declaration
configure:12048: gcc -c -O3 -DNDEBUG -finline-functions -fno-strict-aliasing -pthread -D_LARGEFILE64_SOURCE -D_FILE_OFFSET_BITS=64   conftest.c >&5
conftest.c: In function 'main':
conftest.c:64:1: error: incompatible type for argument 1 of 'snprintf'
 int a=snprintf(1.0,27,1.0,"foo");
 ^
In file included from /usr/include/features.h:374:0,
                 from /usr/include/stdio.h:27,
                 from conftest.c:60:
/usr/include/i386-linux-gnu/bits/stdio2.h:61:1: note: expected 'char * __restrict__' but argument is of type 'double'
 __NTH (snprintf (char *__restrict __s, size_t __n,
 ^
conftest.c:64:1: error: incompatible type for argument 3 of 'snprintf'
 int a=snprintf(1.0,27,1.0,"foo");
 ^
In file included from /usr/include/features.h:374:0,
                 from /usr/include/stdio.h:27,
                 from conftest.c:60:
/usr/include/i386-linux-gnu/bits/stdio2.h:61:1: note: expected 'const char * __restrict__' but argument is of type 'double'
 __NTH (snprintf (char *__restrict __s, size_t __n,
 ^
configure:12054: $? = 1
configure: failed program was:
| /* confdefs.h.  */
| #define PACKAGE_NAME ""
| #define PACKAGE_TARNAME ""
| #define PACKAGE_VERSION ""
| #define PACKAGE_STRING ""
| #define PACKAGE_BUGREPORT ""
| #define HAVE_MPI_OFFSET 1
| #define HAVE_MEMALIGN 1
| #define STDC_HEADERS 1
| #define HAVE_SYS_TYPES_H 1
| #define HAVE_SYS_STAT_H 1
| #define HAVE_STDLIB_H 1
| #define HAVE_STRING_H 1
| #define HAVE_MEMORY_H 1
| #define HAVE_STRINGS_H 1
| #define HAVE_INTTYPES_H 1
| #define HAVE_STDINT_H 1
| #define HAVE_UNISTD_H 1
| #define HAVE_UNISTD_H 1
| #define HAVE_FCNTL_H 1
| #define HAVE_MALLOC_H 1
| #define HAVE_STDDEF_H 1
| #define SIZEOF_INT 4
| #define SIZEOF_VOID_P 4
| #define SIZEOF_LONG_LONG 8
| #define HAVE_LONG_LONG_64 1
| #define HAVE_MPI_INFO 1
| #define ROMIO_NFS 1
| #define ROMIO_UFS 1
| #define ROMIO_TESTFS 1
| #define HAVE_SIGNAL_H 1
| #define HAVE_AIO_H 1
| #define ROMIO_HAVE_WORKING_AIO 1
| #define ROMIO_HAVE_STRUCT_AIOCB_WITH_AIO_FILDES 1
| #define ROMIO_HAVE_STRUCT_AIOCB_WITH_AIO_REQPRIO 1
| #define ROMIO_HAVE_STRUCT_AIOCB_WITH_AIO_SIGEVENT 1
| #define HAVE_SYS_VFS_H 1
| #define HAVE_SYS_PARAM_H 1
| #define HAVE_SYS_MOUNT_H 1
| #define HAVE_SYS_STATVFS_H 1
| #define HAVE_STRUCT_STATFS 1
| #define HAVE_SYS_STAT_H 1
| #define HAVE_SYS_TYPES_H 1
| #define HAVE_UNISTD_H 1
| #define HAVE_STAT 1
| #define HAVE_STAT 1
| #define HAVE_SYS_TYPES_H 1
| #define HAVE_SYS_STATVFS_H 1
| #define HAVE_SYS_VFS_H 1
| #define HAVE_STATVFS 1
| #define HAVE_STATVFS 1
| #define HAVE_UNISTD_H 1
| #define HAVE_STRERROR 1
| #define HAVE_STATUS_SET_BYTES 1
| #define HAVE_MPI_DARRAY_SUBARRAY 1
| #define MPIO_BUILD_PROFILING 1
| #define HAVE_STRDUP 1
| #define HAVE_SNPRINTF 1
| /* end confdefs.h.  */
| #include <stdio.h>
| int
| main ()
| {
| int a=snprintf(1.0,27,1.0,"foo");
|   ;
|   return 0;
| }
configure:12069: result: no
configure:12085: checking for lstat
configure:12141: gcc -o conftest -O3 -DNDEBUG -finline-functions -fno-strict-aliasing -pthread -D_LARGEFILE64_SOURCE -D_FILE_OFFSET_BITS=64     conftest.c -lnsl -lutil  -lm  >&5
configure:12147: $? = 0
configure:12165: result: yes
configure:12178: checking whether lstat needs a declaration
configure:12205: gcc -c -O3 -DNDEBUG -finline-functions -fno-strict-aliasing -pthread -D_LARGEFILE64_SOURCE -D_FILE_OFFSET_BITS=64   conftest.c >&5
configure:12211: $? = 0
configure:12226: result: yes
configure:12242: checking for readlink
configure:12298: gcc -o conftest -O3 -DNDEBUG -finline-functions -fno-strict-aliasing -pthread -D_LARGEFILE64_SOURCE -D_FILE_OFFSET_BITS=64     conftest.c -lnsl -lutil  -lm  >&5
configure:12304: $? = 0
configure:12322: result: yes
configure:12335: checking whether readlink needs a declaration
configure:12362: gcc -c -O3 -DNDEBUG -finline-functions -fno-strict-aliasing -pthread -D_LARGEFILE64_SOURCE -D_FILE_OFFSET_BITS=64   conftest.c >&5
conftest.c: In function 'main':
conftest.c:67:1: error: incompatible type for argument 1 of 'readlink'
 int a=readlink(1.0,27,1.0,"foo");
 ^
In file included from /usr/include/features.h:374:0,
                 from /usr/include/unistd.h:25,
                 from conftest.c:63:
/usr/include/i386-linux-gnu/bits/unistd.h:139:1: note: expected 'const char * __restrict__' but argument is of type 'double'
 __NTH (readlink (const char *__restrict __path, char *__restrict __buf,
 ^
conftest.c:67:1: warning: passing argument 2 of 'readlink' makes pointer from integer without a cast [enabled by default]
 int a=readlink(1.0,27,1.0,"foo");
 ^
In file included from /usr/include/features.h:374:0,
                 from /usr/include/unistd.h:25,
                 from conftest.c:63:
/usr/include/i386-linux-gnu/bits/unistd.h:139:1: note: expected 'char * __restrict__' but argument is of type 'int'
 __NTH (readlink (const char *__restrict __path, char *__restrict __buf,
 ^
conftest.c:67:1: error: too many arguments to function 'readlink'
 int a=readlink(1.0,27,1.0,"foo");
 ^
In file included from /usr/include/features.h:374:0,
                 from /usr/include/unistd.h:25,
                 from conftest.c:63:
/usr/include/i386-linux-gnu/bits/unistd.h:139:1: note: declared here
 __NTH (readlink (const char *__restrict __path, char *__restrict __buf,
 ^
configure:12368: $? = 1
configure: failed program was:
| /* confdefs.h.  */
| #define PACKAGE_NAME ""
| #define PACKAGE_TARNAME ""
| #define PACKAGE_VERSION ""
| #define PACKAGE_STRING ""
| #define PACKAGE_BUGREPORT ""
| #define HAVE_MPI_OFFSET 1
| #define HAVE_MEMALIGN 1
| #define STDC_HEADERS 1
| #define HAVE_SYS_TYPES_H 1
| #define HAVE_SYS_STAT_H 1
| #define HAVE_STDLIB_H 1
| #define HAVE_STRING_H 1
| #define HAVE_MEMORY_H 1
| #define HAVE_STRINGS_H 1
| #define HAVE_INTTYPES_H 1
| #define HAVE_STDINT_H 1
| #define HAVE_UNISTD_H 1
| #define HAVE_UNISTD_H 1
| #define HAVE_FCNTL_H 1
| #define HAVE_MALLOC_H 1
| #define HAVE_STDDEF_H 1
| #define SIZEOF_INT 4
| #define SIZEOF_VOID_P 4
| #define SIZEOF_LONG_LONG 8
| #define HAVE_LONG_LONG_64 1
| #define HAVE_MPI_INFO 1
| #define ROMIO_NFS 1
| #define ROMIO_UFS 1
| #define ROMIO_TESTFS 1
| #define HAVE_SIGNAL_H 1
| #define HAVE_AIO_H 1
| #define ROMIO_HAVE_WORKING_AIO 1
| #define ROMIO_HAVE_STRUCT_AIOCB_WITH_AIO_FILDES 1
| #define ROMIO_HAVE_STRUCT_AIOCB_WITH_AIO_REQPRIO 1
| #define ROMIO_HAVE_STRUCT_AIOCB_WITH_AIO_SIGEVENT 1
| #define HAVE_SYS_VFS_H 1
| #define HAVE_SYS_PARAM_H 1
| #define HAVE_SYS_MOUNT_H 1
| #define HAVE_SYS_STATVFS_H 1
| #define HAVE_STRUCT_STATFS 1
| #define HAVE_SYS_STAT_H 1
| #define HAVE_SYS_TYPES_H 1
| #define HAVE_UNISTD_H 1
| #define HAVE_STAT 1
| #define HAVE_STAT 1
| #define HAVE_SYS_TYPES_H 1
| #define HAVE_SYS_STATVFS_H 1
| #define HAVE_SYS_VFS_H 1
| #define HAVE_STATVFS 1
| #define HAVE_STATVFS 1
| #define HAVE_UNISTD_H 1
| #define HAVE_STRERROR 1
| #define HAVE_STATUS_SET_BYTES 1
| #define HAVE_MPI_DARRAY_SUBARRAY 1
| #define MPIO_BUILD_PROFILING 1
| #define HAVE_STRDUP 1
| #define HAVE_SNPRINTF 1
| #define HAVE_LSTAT 1
| #define NEEDS_LSTAT_DECL 1
| #define HAVE_READLINK 1
| /* end confdefs.h.  */
| #include <unistd.h>
| int
| main ()
| {
| int a=readlink(1.0,27,1.0,"foo");
|   ;
|   return 0;
| }
configure:12383: result: no
configure:12399: checking for fsync
configure:12455: gcc -o conftest -O3 -DNDEBUG -finline-functions -fno-strict-aliasing -pthread -D_LARGEFILE64_SOURCE -D_FILE_OFFSET_BITS=64     conftest.c -lnsl -lutil  -lm  >&5
configure:12461: $? = 0
configure:12479: result: yes
configure:12492: checking whether fsync needs a declaration
configure:12519: gcc -c -O3 -DNDEBUG -finline-functions -fno-strict-aliasing -pthread -D_LARGEFILE64_SOURCE -D_FILE_OFFSET_BITS=64   conftest.c >&5
conftest.c: In function 'main':
conftest.c:68:1: error: too many arguments to function 'fsync'
 int a=fsync(1.0,27,1.0,"foo");
 ^
In file included from conftest.c:64:0:
/usr/include/unistd.h:956:12: note: declared here
 extern int fsync (int __fd);
            ^
configure:12525: $? = 1
configure: failed program was:
| /* confdefs.h.  */
| #define PACKAGE_NAME ""
| #define PACKAGE_TARNAME ""
| #define PACKAGE_VERSION ""
| #define PACKAGE_STRING ""
| #define PACKAGE_BUGREPORT ""
| #define HAVE_MPI_OFFSET 1
| #define HAVE_MEMALIGN 1
| #define STDC_HEADERS 1
| #define HAVE_SYS_TYPES_H 1
| #define HAVE_SYS_STAT_H 1
| #define HAVE_STDLIB_H 1
| #define HAVE_STRING_H 1
| #define HAVE_MEMORY_H 1
| #define HAVE_STRINGS_H 1
| #define HAVE_INTTYPES_H 1
| #define HAVE_STDINT_H 1
| #define HAVE_UNISTD_H 1
| #define HAVE_UNISTD_H 1
| #define HAVE_FCNTL_H 1
| #define HAVE_MALLOC_H 1
| #define HAVE_STDDEF_H 1
| #define SIZEOF_INT 4
| #define SIZEOF_VOID_P 4
| #define SIZEOF_LONG_LONG 8
| #define HAVE_LONG_LONG_64 1
| #define HAVE_MPI_INFO 1
| #define ROMIO_NFS 1
| #define ROMIO_UFS 1
| #define ROMIO_TESTFS 1
| #define HAVE_SIGNAL_H 1
| #define HAVE_AIO_H 1
| #define ROMIO_HAVE_WORKING_AIO 1
| #define ROMIO_HAVE_STRUCT_AIOCB_WITH_AIO_FILDES 1
| #define ROMIO_HAVE_STRUCT_AIOCB_WITH_AIO_REQPRIO 1
| #define ROMIO_HAVE_STRUCT_AIOCB_WITH_AIO_SIGEVENT 1
| #define HAVE_SYS_VFS_H 1
| #define HAVE_SYS_PARAM_H 1
| #define HAVE_SYS_MOUNT_H 1
| #define HAVE_SYS_STATVFS_H 1
| #define HAVE_STRUCT_STATFS 1
| #define HAVE_SYS_STAT_H 1
| #define HAVE_SYS_TYPES_H 1
| #define HAVE_UNISTD_H 1
| #define HAVE_STAT 1
| #define HAVE_STAT 1
| #define HAVE_SYS_TYPES_H 1
| #define HAVE_SYS_STATVFS_H 1
| #define HAVE_SYS_VFS_H 1
| #define HAVE_STATVFS 1
| #define HAVE_STATVFS 1
| #define HAVE_UNISTD_H 1
| #define HAVE_STRERROR 1
| #define HAVE_STATUS_SET_BYTES 1
| #define HAVE_MPI_DARRAY_SUBARRAY 1
| #define MPIO_BUILD_PROFILING 1
| #define HAVE_STRDUP 1
| #define HAVE_SNPRINTF 1
| #define HAVE_LSTAT 1
| #define NEEDS_LSTAT_DECL 1
| #define HAVE_READLINK 1
| #define HAVE_FSYNC 1
| /* end confdefs.h.  */
| #include <unistd.h>
| int
| main ()
| {
| int a=fsync(1.0,27,1.0,"foo");
|   ;
|   return 0;
| }
configure:12540: result: no
configure:12556: checking for ftruncate
configure:12612: gcc -o conftest -O3 -DNDEBUG -finline-functions -fno-strict-aliasing -pthread -D_LARGEFILE64_SOURCE -D_FILE_OFFSET_BITS=64     conftest.c -lnsl -lutil  -lm  >&5
configure:12618: $? = 0
configure:12636: result: yes
configure:12649: checking whether ftruncate needs a declaration
configure:12676: gcc -c -O3 -DNDEBUG -finline-functions -fno-strict-aliasing -pthread -D_LARGEFILE64_SOURCE -D_FILE_OFFSET_BITS=64   conftest.c >&5
conftest.c: In function 'main':
conftest.c:69:1: error: too many arguments to function 'ftruncate'
 int a=ftruncate(1.0,27,1.0,"foo");
 ^
In file included from /usr/include/features.h:374:0,
                 from /usr/include/unistd.h:25,
                 from conftest.c:65:
/usr/include/unistd.h:1019:12: note: declared here
 extern int __REDIRECT_NTH (ftruncate, (int __fd, __off64_t __length),
            ^
configure:12682: $? = 1
configure: failed program was:
| /* confdefs.h.  */
| #define PACKAGE_NAME ""
| #define PACKAGE_TARNAME ""
| #define PACKAGE_VERSION ""
| #define PACKAGE_STRING ""
| #define PACKAGE_BUGREPORT ""
| #define HAVE_MPI_OFFSET 1
| #define HAVE_MEMALIGN 1
| #define STDC_HEADERS 1
| #define HAVE_SYS_TYPES_H 1
| #define HAVE_SYS_STAT_H 1
| #define HAVE_STDLIB_H 1
| #define HAVE_STRING_H 1
| #define HAVE_MEMORY_H 1
| #define HAVE_STRINGS_H 1
| #define HAVE_INTTYPES_H 1
| #define HAVE_STDINT_H 1
| #define HAVE_UNISTD_H 1
| #define HAVE_UNISTD_H 1
| #define HAVE_FCNTL_H 1
| #define HAVE_MALLOC_H 1
| #define HAVE_STDDEF_H 1
| #define SIZEOF_INT 4
| #define SIZEOF_VOID_P 4
| #define SIZEOF_LONG_LONG 8
| #define HAVE_LONG_LONG_64 1
| #define HAVE_MPI_INFO 1
| #define ROMIO_NFS 1
| #define ROMIO_UFS 1
| #define ROMIO_TESTFS 1
| #define HAVE_SIGNAL_H 1
| #define HAVE_AIO_H 1
| #define ROMIO_HAVE_WORKING_AIO 1
| #define ROMIO_HAVE_STRUCT_AIOCB_WITH_AIO_FILDES 1
| #define ROMIO_HAVE_STRUCT_AIOCB_WITH_AIO_REQPRIO 1
| #define ROMIO_HAVE_STRUCT_AIOCB_WITH_AIO_SIGEVENT 1
| #define HAVE_SYS_VFS_H 1
| #define HAVE_SYS_PARAM_H 1
| #define HAVE_SYS_MOUNT_H 1
| #define HAVE_SYS_STATVFS_H 1
| #define HAVE_STRUCT_STATFS 1
| #define HAVE_SYS_STAT_H 1
| #define HAVE_SYS_TYPES_H 1
| #define HAVE_UNISTD_H 1
| #define HAVE_STAT 1
| #define HAVE_STAT 1
| #define HAVE_SYS_TYPES_H 1
| #define HAVE_SYS_STATVFS_H 1
| #define HAVE_SYS_VFS_H 1
| #define HAVE_STATVFS 1
| #define HAVE_STATVFS 1
| #define HAVE_UNISTD_H 1
| #define HAVE_STRERROR 1
| #define HAVE_STATUS_SET_BYTES 1
| #define HAVE_MPI_DARRAY_SUBARRAY 1
| #define MPIO_BUILD_PROFILING 1
| #define HAVE_STRDUP 1
| #define HAVE_SNPRINTF 1
| #define HAVE_LSTAT 1
| #define NEEDS_LSTAT_DECL 1
| #define HAVE_READLINK 1
| #define HAVE_FSYNC 1
| #define HAVE_FTRUNCATE 1
| /* end confdefs.h.  */
| #include <unistd.h>
| int
| main ()
| {
| int a=ftruncate(1.0,27,1.0,"foo");
|   ;
|   return 0;
| }
configure:12697: result: no
configure:12758: checking for C/C++ restrict keyword
configure:12794: gcc -c -O3 -DNDEBUG -finline-functions -fno-strict-aliasing -pthread -D_LARGEFILE64_SOURCE -D_FILE_OFFSET_BITS=64 -DHAVE_ROMIOCONF_H   conftest.c >&5
conftest.c:66:35: error: expected ';', ',' or ')' before 'ip'
         int foo (int_ptr restrict ip) {
                                   ^
conftest.c: In function 'main':
conftest.c:73:24: error: expected '=', ',', ';', 'asm' or '__attribute__' before 't'
         int * restrict t = s;
                        ^
conftest.c:73:24: error: 't' undeclared (first use in this function)
conftest.c:73:24: note: each undeclared identifier is reported only once for each function it appears in
configure:12800: $? = 1
configure: failed program was:
| /* confdefs.h.  */
| #define PACKAGE_NAME ""
| #define PACKAGE_TARNAME ""
| #define PACKAGE_VERSION ""
| #define PACKAGE_STRING ""
| #define PACKAGE_BUGREPORT ""
| #define HAVE_MPI_OFFSET 1
| #define HAVE_MEMALIGN 1
| #define STDC_HEADERS 1
| #define HAVE_SYS_TYPES_H 1
| #define HAVE_SYS_STAT_H 1
| #define HAVE_STDLIB_H 1
| #define HAVE_STRING_H 1
| #define HAVE_MEMORY_H 1
| #define HAVE_STRINGS_H 1
| #define HAVE_INTTYPES_H 1
| #define HAVE_STDINT_H 1
| #define HAVE_UNISTD_H 1
| #define HAVE_UNISTD_H 1
| #define HAVE_FCNTL_H 1
| #define HAVE_MALLOC_H 1
| #define HAVE_STDDEF_H 1
| #define SIZEOF_INT 4
| #define SIZEOF_VOID_P 4
| #define SIZEOF_LONG_LONG 8
| #define HAVE_LONG_LONG_64 1
| #define HAVE_MPI_INFO 1
| #define ROMIO_NFS 1
| #define ROMIO_UFS 1
| #define ROMIO_TESTFS 1
| #define HAVE_SIGNAL_H 1
| #define HAVE_AIO_H 1
| #define ROMIO_HAVE_WORKING_AIO 1
| #define ROMIO_HAVE_STRUCT_AIOCB_WITH_AIO_FILDES 1
| #define ROMIO_HAVE_STRUCT_AIOCB_WITH_AIO_REQPRIO 1
| #define ROMIO_HAVE_STRUCT_AIOCB_WITH_AIO_SIGEVENT 1
| #define HAVE_SYS_VFS_H 1
| #define HAVE_SYS_PARAM_H 1
| #define HAVE_SYS_MOUNT_H 1
| #define HAVE_SYS_STATVFS_H 1
| #define HAVE_STRUCT_STATFS 1
| #define HAVE_SYS_STAT_H 1
| #define HAVE_SYS_TYPES_H 1
| #define HAVE_UNISTD_H 1
| #define HAVE_STAT 1
| #define HAVE_STAT 1
| #define HAVE_SYS_TYPES_H 1
| #define HAVE_SYS_STATVFS_H 1
| #define HAVE_SYS_VFS_H 1
| #define HAVE_STATVFS 1
| #define HAVE_STATVFS 1
| #define HAVE_UNISTD_H 1
| #define HAVE_STRERROR 1
| #define HAVE_STATUS_SET_BYTES 1
| #define HAVE_MPI_DARRAY_SUBARRAY 1
| #define MPIO_BUILD_PROFILING 1
| #define HAVE_STRDUP 1
| #define HAVE_SNPRINTF 1
| #define HAVE_LSTAT 1
| #define NEEDS_LSTAT_DECL 1
| #define HAVE_READLINK 1
| #define HAVE_FSYNC 1
| #define HAVE_FTRUNCATE 1
| /* end confdefs.h.  */
| typedef int * int_ptr;
|         int foo (int_ptr restrict ip) {
|         return ip[0];
|        }
| int
| main ()
| {
| int s[1];
|         int * restrict t = s;
|         t[0] = 0;
|         return foo(t)
|   ;
|   return 0;
| }
configure:12794: gcc -c -O3 -DNDEBUG -finline-functions -fno-strict-aliasing -pthread -D_LARGEFILE64_SOURCE -D_FILE_OFFSET_BITS=64 -DHAVE_ROMIOCONF_H   conftest.c >&5
configure:12800: $? = 0
configure:12818: result: __restrict
configure:12836: checking whether __attribute__ allowed
configure:12863: gcc -c -O3 -DNDEBUG -finline-functions -fno-strict-aliasing -pthread -D_LARGEFILE64_SOURCE -D_FILE_OFFSET_BITS=64 -DHAVE_ROMIOCONF_H   conftest.c >&5
configure:12869: $? = 0
configure:12884: result: yes
configure:12886: checking whether __attribute__((format)) allowed
configure:12913: gcc -c -O3 -DNDEBUG -finline-functions -fno-strict-aliasing -pthread -D_LARGEFILE64_SOURCE -D_FILE_OFFSET_BITS=64 -DHAVE_ROMIOCONF_H   conftest.c >&5
configure:12919: $? = 0
configure:12934: result: yes
configure:13092: checking build system type
configure:13110: result: i686-pc-linux-gnu
configure:13132: checking host system type
configure:13147: result: i686-pc-linux-gnu
configure:13169: checking for a sed that does not truncate output
configure:13248: result: /bin/sed
configure:13266: checking for fgrep
configure:13344: result: /bin/grep -F
configure:13379: checking for ld used by gcc
configure:13446: result: /usr/bin/ld
configure:13455: checking if the linker (/usr/bin/ld) is GNU ld
configure:13470: result: yes
configure:13483: checking for BSD- or MS-compatible name lister (nm)
configure:13532: result: /usr/bin/nm -B
configure:13654: checking the name lister (/usr/bin/nm -B) interface
configure:13661: gcc -c -O3 -DNDEBUG -finline-functions -fno-strict-aliasing -pthread -D_LARGEFILE64_SOURCE -D_FILE_OFFSET_BITS=64 -DHAVE_ROMIOCONF_H -DHAVE_ROMIOCONF_H   conftest.c >&5
configure:13664: /usr/bin/nm -B "conftest.o"
configure:13667: output
00000000 B some_variable
configure:13674: result: BSD nm
configure:13677: checking whether ln -s works
configure:13681: result: yes
configure:13689: checking the maximum length of command line arguments
configure:13809: result: 1572864
configure:13827: checking whether the shell understands some XSI constructs
configure:13835: result: yes
configure:13839: checking whether the shell understands "+="
configure:13845: result: yes
configure:13880: checking for /usr/bin/ld option to reload object files
configure:13887: result: -r
configure:13914: checking how to recognize dependent libraries
configure:14104: result: pass_all
configure:14164: checking for ar
configure:14180: found /usr/bin/ar
configure:14191: result: ar
configure:14273: checking for strip
configure:14289: found /usr/bin/strip
configure:14300: result: strip
configure:14376: checking for ranlib
configure:14403: result: ranlib
configure:14497: checking command to parse /usr/bin/nm -B output from gcc object
configure:14615: gcc -c -O3 -DNDEBUG -finline-functions -fno-strict-aliasing -pthread -D_LARGEFILE64_SOURCE -D_FILE_OFFSET_BITS=64 -DHAVE_ROMIOCONF_H -DHAVE_ROMIOCONF_H   conftest.c >&5
configure:14618: $? = 0
configure:14622: /usr/bin/nm -B conftest.o \| sed -n -e 's/^.*[	 ]\([ABCDGIRSTW][ABCDGIRSTW]*\)[	 ][	 ]*\([_A-Za-z][_A-Za-z0-9]*\)$/\1 \2 \2/p' \> conftest.nm
configure:14625: $? = 0
configure:14679: gcc -o conftest -O3 -DNDEBUG -finline-functions -fno-strict-aliasing -pthread -D_LARGEFILE64_SOURCE -D_FILE_OFFSET_BITS=64 -DHAVE_ROMIOCONF_H -DHAVE_ROMIOCONF_H     conftest.c conftstm.o >&5
configure:14682: $? = 0
configure:14720: result: ok
configure:14967: checking for dlfcn.h
configure:14988: gcc -c -O3 -DNDEBUG -finline-functions -fno-strict-aliasing -pthread -D_LARGEFILE64_SOURCE -D_FILE_OFFSET_BITS=64 -DHAVE_ROMIOCONF_H -DHAVE_ROMIOCONF_H   conftest.c >&5
configure:14994: $? = 0
configure:15010: result: yes
configure:15133: checking for Fortran 77 compiler version
configure:15140: : --version >&5
configure:15143: $? = 0
configure:15150: : -v >&5
configure:15153: $? = 0
configure:15160: : -V >&5
configure:15163: $? = 0
configure:15171: checking whether we are using the GNU Fortran 77 compiler
configure:15190: : -c  conftest.F >&5
configure:15196: $? = 0
configure: failed program was:
|       program main
| #ifndef __GNUC__
|        choke me
| #endif
| 
|       end
configure:15213: result: no
configure:15219: checking whether : accepts -g
configure:15236: : -c -g conftest.f >&5
configure:15242: $? = 0
configure: failed program was:
|       program main
| 
|       end
configure:15258: result: no
configure:15340: checking for objdir
configure:15355: result: .libs
configure:15647: checking if gcc supports -fno-rtti -fno-exceptions
configure:15665: gcc -c -O3 -DNDEBUG -finline-functions -fno-strict-aliasing -pthread -D_LARGEFILE64_SOURCE -D_FILE_OFFSET_BITS=64 -DHAVE_ROMIOCONF_H -DHAVE_ROMIOCONF_H   -fno-rtti -fno-exceptions conftest.c >&5
cc1: warning: command line option '-fno-rtti' is valid for C++/ObjC++ but not for C [enabled by default]
configure:15669: $? = 0
configure:15682: result: no
configure:15702: checking for gcc option to produce PIC
configure:15957: result: -fPIC -DPIC
configure:15969: checking if gcc PIC flag -fPIC -DPIC works
configure:15987: gcc -c -O3 -DNDEBUG -finline-functions -fno-strict-aliasing -pthread -D_LARGEFILE64_SOURCE -D_FILE_OFFSET_BITS=64 -DHAVE_ROMIOCONF_H -DHAVE_ROMIOCONF_H   -fPIC -DPIC -DPIC conftest.c >&5
configure:15991: $? = 0
configure:16004: result: yes
configure:16028: checking if gcc static flag -static works
configure:16056: result: yes
configure:16071: checking if gcc supports -c -o file.o
configure:16092: gcc -c -O3 -DNDEBUG -finline-functions -fno-strict-aliasing -pthread -D_LARGEFILE64_SOURCE -D_FILE_OFFSET_BITS=64 -DHAVE_ROMIOCONF_H -DHAVE_ROMIOCONF_H   -o out/conftest2.o conftest.c >&5
configure:16096: $? = 0
configure:16118: result: yes
configure:16126: checking if gcc supports -c -o file.o
configure:16173: result: yes
configure:16206: checking whether the gcc linker (/usr/bin/ld) supports shared libraries
configure:17284: result: yes
configure:17321: checking whether -lc should be explicitly linked in
configure:17326: gcc -c -O3 -DNDEBUG -finline-functions -fno-strict-aliasing -pthread -D_LARGEFILE64_SOURCE -D_FILE_OFFSET_BITS=64 -DHAVE_ROMIOCONF_H -DHAVE_ROMIOCONF_H   conftest.c >&5
configure:17329: $? = 0
configure:17344: gcc -shared conftest.o  -v -Wl,-soname -Wl,conftest -o conftest 2\>\&1 \| /bin/grep  -lc  \>/dev/null 2\>\&1
configure:17347: $? = 0
configure:17359: result: no
configure:17523: checking dynamic linker characteristics
configure:17961: gcc -o conftest -O3 -DNDEBUG -finline-functions -fno-strict-aliasing -pthread -D_LARGEFILE64_SOURCE -D_FILE_OFFSET_BITS=64 -DHAVE_ROMIOCONF_H -DHAVE_ROMIOCONF_H     -Wl,-rpath -Wl,/foo conftest.c -lnsl -lutil  -lm  >&5
configure:17967: $? = 0
configure:18197: result: GNU/Linux ld.so
configure:18292: checking how to hardcode library paths into programs
configure:18317: result: immediate
configure:19130: checking whether stripping libraries is possible
configure:19135: result: yes
configure:19170: checking if libtool supports shared libraries
configure:19172: result: yes
configure:19175: checking whether to build shared libraries
configure:19196: result: yes
configure:19199: checking whether to build static libraries
configure:19203: result: yes
configure:19320: checking if libtool supports shared libraries
configure:19322: result: yes
configure:19325: checking whether to build shared libraries
configure:19345: result: yes
configure:19348: checking whether to build static libraries
configure:19352: result: yes
configure:19366: checking for : option to produce PIC
configure:19621: result: -fPIC
configure:19630: checking if : PIC flag -fPIC works
configure:19648: : -c  -fPIC conftest.f >&5
configure:19652: $? = 0
configure:19665: result: no
configure:19686: checking if : static flag -static works
configure:19714: result: no
configure:19726: checking if : supports -c -o file.o
configure:19747: : -c  -o out/conftest2.o conftest.f >&5
configure:19751: $? = 0
configure:19773: result: no
configure:19778: checking if : supports -c -o file.o
configure:19825: result: no
configure:19855: checking whether the : linker (/usr/bin/ld) supports shared libraries
configure:20913: result: yes
configure:21050: checking dynamic linker characteristics
configure:21426: : -o conftest    -Wl,-rpath -Wl,/foo conftest.f -lnsl -lutil  -lm  >&5
configure:21432: $? = 0
configure: failed program was:
|       program main
| 
|       end
configure:21662: result: GNU/Linux ld.so
configure:21706: checking how to hardcode library paths into programs
configure:21731: result: immediate
configure:22181: creating ./config.status

## ---------------------- ##
## Running config.status. ##
## ---------------------- ##

This file was extended by config.status, which was
generated by GNU Autoconf 2.61.  Invocation command line was

  CONFIG_FILES    = 
  CONFIG_HEADERS  = 
  CONFIG_LINKS    = 
  CONFIG_COMMANDS = 
  $ ./config.status 

on meghna

config.status:1018: creating Makefile
config.status:1018: creating localdefs
config.status:1018: creating adio/Makefile
config.status:1018: creating adio/ad_gridftp/Makefile
config.status:1018: creating adio/ad_hfs/Makefile
config.status:1018: creating adio/ad_nfs/Makefile
config.status:1018: creating adio/ad_ntfs/Makefile
config.status:1018: creating adio/ad_panfs/Makefile
config.status:1018: creating adio/ad_pfs/Makefile
config.status:1018: creating adio/ad_piofs/Makefile
config.status:1018: creating adio/ad_pvfs/Makefile
config.status:1018: creating adio/ad_pvfs2/Makefile
config.status:1018: creating adio/ad_sfs/Makefile
config.status:1018: creating adio/ad_testfs/Makefile
config.status:1018: creating adio/ad_ufs/Makefile
config.status:1018: creating adio/ad_xfs/Makefile
config.status:1018: creating adio/common/Makefile
config.status:1018: creating adio/include/Makefile
config.status:1018: creating doc/Makefile
config.status:1018: creating include/mpio.h
config.status:1018: creating include/mpiof.h
config.status:1018: creating include/Makefile
config.status:1018: creating mpi-io/Makefile
config.status:1018: creating test/Makefile
config.status:1018: creating test/misc.c
config.status:1018: creating test/large_file.c
config.status:1018: creating test/runtests
config.status:1018: creating util/romioinstall
config.status:1018: creating mpi-io/glue/openmpi/Makefile
config.status:1018: creating util/Makefile
config.status:1018: creating adio/include/romioconf.h
config.status:1291: adio/include/romioconf.h is unchanged
config.status:1337: executing depfiles commands
config.status:1337: executing libtool commands
config.status:1337: executing default-1 commands

## ---------------- ##
## Cache variables. ##
## ---------------- ##

ac_cv_build=i686-pc-linux-gnu
ac_cv_c_compiler_gnu=yes
ac_cv_c_restrict=__restrict
ac_cv_env_CC_set=
ac_cv_env_CC_value=
ac_cv_env_CFLAGS_set=set
ac_cv_env_CFLAGS_value='-O3 -DNDEBUG -finline-functions -fno-strict-aliasing -pthread'
ac_cv_env_CPPFLAGS_set=set
ac_cv_env_CPPFLAGS_value=' '
ac_cv_env_CPP_set=
ac_cv_env_CPP_value=
ac_cv_env_F77_set=
ac_cv_env_F77_value=
ac_cv_env_FFLAGS_set=set
ac_cv_env_FFLAGS_value=
ac_cv_env_LDFLAGS_set=set
ac_cv_env_LDFLAGS_value=' '
ac_cv_env_LIBS_set=set
ac_cv_env_LIBS_value='-lnsl -lutil  -lm '
ac_cv_env_build_alias_set=
ac_cv_env_build_alias_value=
ac_cv_env_host_alias_set=
ac_cv_env_host_alias_value=
ac_cv_env_target_alias_set=
ac_cv_env_target_alias_value=
ac_cv_f77_compiler_gnu=no
ac_cv_func_fsync=yes
ac_cv_func_ftruncate=yes
ac_cv_func_lstat=yes
ac_cv_func_memalign=yes
ac_cv_func_readlink=yes
ac_cv_func_snprintf=yes
ac_cv_func_stat=yes
ac_cv_func_statvfs=yes
ac_cv_func_strdup=yes
ac_cv_func_strerror=yes
ac_cv_has_large_file_defines=yes
ac_cv_header_dlfcn_h=yes
ac_cv_header_fcntl_h=yes
ac_cv_header_inttypes_h=yes
ac_cv_header_malloc_h=yes
ac_cv_header_memory_h=yes
ac_cv_header_signal_h=yes
ac_cv_header_stdc=yes
ac_cv_header_stddef_h=yes
ac_cv_header_stdint_h=yes
ac_cv_header_stdlib_h=yes
ac_cv_header_string_h=yes
ac_cv_header_strings_h=yes
ac_cv_header_sys_mount_h=yes
ac_cv_header_sys_param_h=yes
ac_cv_header_sys_stat_h=yes
ac_cv_header_sys_statvfs_h=yes
ac_cv_header_sys_types_h=yes
ac_cv_header_sys_vfs_h=yes
ac_cv_header_unistd_h=yes
ac_cv_host=i686-pc-linux-gnu
ac_cv_objext=o
ac_cv_off64_t_scalar=yes
ac_cv_path_EGREP='/bin/grep -E'
ac_cv_path_FGREP='/bin/grep -F'
ac_cv_path_GREP=/bin/grep
ac_cv_path_SED=/bin/sed
ac_cv_path_install='/usr/bin/install -c'
ac_cv_path_mkdir=/bin/mkdir
ac_cv_prog_AWK=gawk
ac_cv_prog_CPP='gcc -E'
ac_cv_prog_ac_ct_AR=ar
ac_cv_prog_ac_ct_CC=gcc
ac_cv_prog_ac_ct_RANLIB=ranlib
ac_cv_prog_ac_ct_STRIP=strip
ac_cv_prog_cc_c89=
ac_cv_prog_cc_g=yes
ac_cv_prog_f77_g=no
ac_cv_prog_make_make_set=yes
ac_cv_search_aio_write=-lrt
ac_cv_sizeof_int=4
ac_cv_sizeof_long_long=8
ac_cv_sizeof_void_p=4
ac_cv_type_int=yes
ac_cv_type_long_long=yes
ac_cv_type_void_p=yes
am_cv_CC_dependencies_compiler_type=gcc3
lt_cv_deplibs_check_method=pass_all
lt_cv_file_magic_cmd='$MAGIC_CMD'
lt_cv_file_magic_test_file=
lt_cv_ld_reload_flag=-r
lt_cv_nm_interface='BSD nm'
lt_cv_objdir=.libs
lt_cv_path_LD=/usr/bin/ld
lt_cv_path_NM='/usr/bin/nm -B'
lt_cv_prog_compiler_c_o=yes
lt_cv_prog_compiler_c_o_F77=no
lt_cv_prog_compiler_rtti_exceptions=no
lt_cv_prog_gnu_ld=yes
lt_cv_sys_global_symbol_pipe='sed -n -e '\''s/^.*[	 ]\([ABCDGIRSTW][ABCDGIRSTW]*\)[	 ][	 ]*\([_A-Za-z][_A-Za-z0-9]*\)$/\1 \2 \2/p'\'''
lt_cv_sys_global_symbol_to_c_name_address='sed -n -e '\''s/^: \([^ ]*\) $/  {\"\1\", (void *) 0},/p'\'' -e '\''s/^[ABCDGIRSTW]* \([^ ]*\) \([^ ]*\)$/  {"\2", (void *) \&\2},/p'\'''
lt_cv_sys_global_symbol_to_c_name_address_lib_prefix='sed -n -e '\''s/^: \([^ ]*\) $/  {\"\1\", (void *) 0},/p'\'' -e '\''s/^[ABCDGIRSTW]* \([^ ]*\) \(lib[^ ]*\)$/  {"\2", (void *) \&\2},/p'\'' -e '\''s/^[ABCDGIRSTW]* \([^ ]*\) \([^ ]*\)$/  {"lib\2", (void *) \&\2},/p'\'''
lt_cv_sys_global_symbol_to_cdecl='sed -n -e '\''s/^T .* \(.*\)$/extern int \1();/p'\'' -e '\''s/^[ABCDGIRSTW]* .* \(.*\)$/extern char \1;/p'\'''
lt_cv_sys_max_cmd_len=1572864
pac_cv_func_decl_fsync=no
pac_cv_func_decl_ftruncate=no
pac_cv_func_decl_lstat=yes
pac_cv_func_decl_readlink=no
pac_cv_func_decl_snprintf=no
pac_cv_func_decl_strdup=no
pac_cv_gnu_attr_format=yes
pac_cv_gnu_attr_pure=yes
pac_cv_have_statfs=yes
pac_cv_have_statfs_f_fstypename=no
pac_cv_int_hold_pointer=yes
pac_cv_struct_flock_and_mpi_offset=yes

## ----------------- ##
## Output variables. ##
## ----------------- ##

ACLOCAL='${SHELL} /home/meghna/Desktop/SpherePacking/openmpi-1.2.4/ompi/mca/io/romio/romio/confdb/missing --run aclocal-1.10'
AMDEPBACKSLASH='\'
AMDEP_FALSE='#'
AMDEP_TRUE=''
AMTAR='${SHELL} /home/meghna/Desktop/SpherePacking/openmpi-1.2.4/ompi/mca/io/romio/romio/confdb/missing --run tar'
AR='ar'
ARCH='LINUX'
AUTOCONF='${SHELL} /home/meghna/Desktop/SpherePacking/openmpi-1.2.4/ompi/mca/io/romio/romio/confdb/missing --run autoconf'
AUTOHEADER='${SHELL} /home/meghna/Desktop/SpherePacking/openmpi-1.2.4/ompi/mca/io/romio/romio/confdb/missing --run autoheader'
AUTOMAKE='${SHELL} /home/meghna/Desktop/SpherePacking/openmpi-1.2.4/ompi/mca/io/romio/romio/confdb/missing --run automake-1.10'
AWK='gawk'
BITS='0'
BUILD_GRIDFTP_FALSE=''
BUILD_GRIDFTP_TRUE='#'
BUILD_HFS_FALSE=''
BUILD_HFS_TRUE='#'
BUILD_MPI_ARRAY=''
BUILD_MPI_INFO=''
BUILD_NFS_FALSE='#'
BUILD_NFS_TRUE=''
BUILD_PANFS_FALSE=''
BUILD_PANFS_TRUE='#'
BUILD_PFS_FALSE=''
BUILD_PFS_TRUE='#'
BUILD_PIOFS_FALSE=''
BUILD_PIOFS_TRUE='#'
BUILD_PVFS2_FALSE=''
BUILD_PVFS2_TRUE='#'
BUILD_PVFS_FALSE=''
BUILD_PVFS_TRUE='#'
BUILD_SFS_FALSE=''
BUILD_SFS_TRUE='#'
BUILD_TESTFS_FALSE='#'
BUILD_TESTFS_TRUE=''
BUILD_UFS_FALSE='#'
BUILD_UFS_TRUE=''
BUILD_XFS_FALSE=''
BUILD_XFS_TRUE='#'
CC='gcc'
CCDEPMODE='depmode=gcc3'
CFLAGS='-O3 -DNDEBUG -finline-functions -fno-strict-aliasing -pthread -D_LARGEFILE64_SOURCE -D_FILE_OFFSET_BITS=64 -DHAVE_ROMIOCONF_H -DHAVE_ROMIOCONF_H  -I$(top_builddir)/include'
CPP='gcc -E'
CPPFLAGS=' '
CYGPATH_W='echo'
DEFINE_HAVE_MPI_GREQUEST='#undef HAVE_MPI_GREQUEST'
DEFINE_MPI_OFFSET='typedef long long MPI_Offset;'
DEFS='-DHAVE_CONFIG_H'
DEPDIR='.deps'
DOCTEXT='true'
DUMPBIN=''
ECHO_C=''
ECHO_N='-n'
ECHO_T=''
EGREP='/bin/grep -E'
EXEEXT=''
EXTRA_SRC_DIRS=''
F77=':'
F77GETARG='call getarg(i,str)'
F77IARGC='iargc()'
F77MPIOINC=''
F90=''
FFLAGS=''
FGREP='/bin/grep -F'
FILE_SYSTEM='testfs ufs nfs'
FILE_SYS_DIRS=' adio/ad_testfs adio/ad_ufs adio/ad_nfs'
FORTRAN_MPI_OFFSET='integer*8'
FORTRAN_TEST=''
FROM_LAM='no'
FROM_MPICH2='no'
FROM_MPICH='no'
FTESTDEFINE=''
GLUE_DIR='mpi-io/glue/default'
GREP='/bin/grep'
HAVE_MPI_DARRAY_SUBARRAY='#define HAVE_MPI_DARRAY_SUBARRAY'
HAVE_MPI_INFO='#define HAVE_MPI_INFO'
HAVE_WEAK_SYMBOLS='0'
INSTALL_DATA='${INSTALL} -m 644'
INSTALL_PROGRAM='${INSTALL}'
INSTALL_SCRIPT='${INSTALL}'
INSTALL_STRIP_PROGRAM='$(install_sh) -c -s'
LD='/usr/bin/ld'
LDFLAGS=' '
LIBNAME='/home/meghna/Desktop/SpherePacking/openmpi-1.2.4/ompi/mca/io/romio/romio/lib/libmpio.a'
LIBOBJS=''
LIBS='-lnsl -lutil  -lm '
LIBTOOL='$(SHELL) $(top_builddir)/libtool'
LL='lld'
LN_S='ln -s'
LTLIBOBJS=''
MAKEINFO='${SHELL} /home/meghna/Desktop/SpherePacking/openmpi-1.2.4/ompi/mca/io/romio/romio/confdb/missing --run makeinfo'
MIPS='0'
MPI='open_mpi'
MPIO_EXTRA_OBJECTS='get_errh.o set_errh.o'
MPIO_EXTRA_REAL_POBJECTS='_get_errh.o _set_errh.o'
MPIO_EXTRA_TMP_POBJECTS='get_errh.p set_errh.p'
MPIO_REQOBJECTS='iotest.o iotestall.o iotestany.o iotestsome.o iowait.o iowaitall.o iowaitany.o iowaitsome.o ioreq_c2f.o ioreq_f2c.o'
MPIO_REQ_REAL_POBJECTS='_iotest.o _iowait.o _iowaitall.o _iowaitany.o _iotestall.o _iotestany.o _iowaitsome.o _iotestsome.o'
MPIO_REQ_TMP_POBJECTS='iotest.p iowait.p iowaitall.p iowaitany.p iotestall.p iotestany.p iowaitsome.p iotestsome.p'
MPIRUN='mpirun'
MPI_FARRAY1=''
MPI_FARRAY2=''
MPI_FARRAY3=''
MPI_FARRAY4=''
MPI_FARRAY5=''
MPI_FARRAY6=''
MPI_FARRAY7=''
MPI_FINFO1='!'
MPI_FINFO2='!'
MPI_FINFO3='!'
MPI_FINFO4='!'
MPI_INCLUDE_DIR='.'
MPI_LIB=''
MPI_OFFSET_KIND1='!'
MPI_OFFSET_KIND2='!'
MPI_OFFSET_TYPE='long long'
NEEDS_MPI_FINT=''
NM='/usr/bin/nm -B'
NOF77='1'
NOPROFILE='1'
OBJEXT='o'
PACKAGE='io-romio'
PACKAGE_BUGREPORT=''
PACKAGE_NAME=''
PACKAGE_STRING=''
PACKAGE_TARNAME=''
PACKAGE_VERSION=''
PATH_SEPARATOR=':'
RANLIB='ranlib'
ROMIO_HOME='/home/meghna/Desktop/SpherePacking/openmpi-1.2.4/ompi/mca/io/romio/romio'
ROMIO_INCLUDE=''
ROMIO_LFLAGS=''
ROMIO_LIBLIST=' -lrt '
ROMIO_TCFLAGS=''
ROMIO_TCPPFLAGS=''
ROMIO_TFFLAGS=''
SED='/bin/sed'
SET_MAKE=''
SHELL='/bin/bash'
STRIP='strip'
TEST_CC='mpicc'
TEST_F77='mpif77'
TEST_LIBNAME=''
USER_CFLAGS=''
USER_FFLAGS=''
VERSION='1.0.0'
WITHIN_KNOWN_MPI_IMPL='yes'
ac_ct_CC='gcc'
ac_ct_DUMPBIN=''
ac_ct_F77=''
am__fastdepCC_FALSE='#'
am__fastdepCC_TRUE=''
am__include='include'
am__isrc=''
am__leading_dot='.'
am__quote=''
am__tar='${AMTAR} chof - "$$tardir"'
am__untar='${AMTAR} xf -'
arch_IRIX=''
bindir='${exec_prefix}/bin'
build='i686-pc-linux-gnu'
build_alias=''
build_cpu='i686'
build_os='linux-gnu'
build_vendor='pc'
datadir='${datarootdir}'
datarootdir='${prefix}/share'
docdir='${datarootdir}/doc/${PACKAGE}'
dvidir='${docdir}'
exec_prefix='${prefix}'
host='i686-pc-linux-gnu'
host_alias=''
host_cpu='i686'
host_os='linux-gnu'
host_vendor='pc'
htmldir='${docdir}'
includedir='${prefix}/include'
infodir='${datarootdir}/info'
install_sh='$(SHELL) /home/meghna/Desktop/SpherePacking/openmpi-1.2.4/ompi/mca/io/romio/romio/confdb/install-sh'
libdir='${exec_prefix}/lib'
libexecdir='${exec_prefix}/libexec'
localedir='${datarootdir}/locale'
localstatedir='${prefix}/var'
lt_ECHO='echo'
mandir='${datarootdir}/man'
master_top_builddir='/home/meghna/Desktop/SpherePacking/openmpi-1.2.4/ompi/mca/io/romio/romio'
master_top_srcdir=''
master_topbuild_dir='/home/meghna/Desktop/SpherePacking/openmpi-1.2.4/ompi/mca/io/romio/romio'
mkdir_p='/bin/mkdir -p'
oldincludedir='/usr/include'
pdfdir='${docdir}'
prefix='/home/meghna/local'
program_transform_name='s,x,x,'
psdir='${docdir}'
sbindir='${exec_prefix}/sbin'
sharedstatedir='${prefix}/com'
srcdir='/home/meghna/Desktop/SpherePacking/openmpi-1.2.4/ompi/mca/io/romio/romio'
sysconfdir='${prefix}/etc'
target_alias=''
top_build_dir='/home/meghna/Desktop/SpherePacking/openmpi-1.2.4/ompi/mca/io/romio/romio'
top_ompi_builddir='$(top_builddir)/../../../../..'
top_ompi_srcdir='$(top_srcdir)/../../../../..'

## ----------- ##
## confdefs.h. ##
## ----------- ##

#define PACKAGE_NAME ""
#define PACKAGE_TARNAME ""
#define PACKAGE_VERSION ""
#define PACKAGE_STRING ""
#define PACKAGE_BUGREPORT ""
#define HAVE_MPI_OFFSET 1
#define HAVE_MEMALIGN 1
#define STDC_HEADERS 1
#define HAVE_SYS_TYPES_H 1
#define HAVE_SYS_STAT_H 1
#define HAVE_STDLIB_H 1
#define HAVE_STRING_H 1
#define HAVE_MEMORY_H 1
#define HAVE_STRINGS_H 1
#define HAVE_INTTYPES_H 1
#define HAVE_STDINT_H 1
#define HAVE_UNISTD_H 1
#define HAVE_UNISTD_H 1
#define HAVE_FCNTL_H 1
#define HAVE_MALLOC_H 1
#define HAVE_STDDEF_H 1
#define SIZEOF_INT 4
#define SIZEOF_VOID_P 4
#define SIZEOF_LONG_LONG 8
#define HAVE_LONG_LONG_64 1
#define HAVE_MPI_INFO 1
#define ROMIO_NFS 1
#define ROMIO_UFS 1
#define ROMIO_TESTFS 1
#define HAVE_SIGNAL_H 1
#define HAVE_AIO_H 1
#define ROMIO_HAVE_WORKING_AIO 1
#define ROMIO_HAVE_STRUCT_AIOCB_WITH_AIO_FILDES 1
#define ROMIO_HAVE_STRUCT_AIOCB_WITH_AIO_REQPRIO 1
#define ROMIO_HAVE_STRUCT_AIOCB_WITH_AIO_SIGEVENT 1
#define HAVE_SYS_VFS_H 1
#define HAVE_SYS_PARAM_H 1
#define HAVE_SYS_MOUNT_H 1
#define HAVE_SYS_STATVFS_H 1
#define HAVE_STRUCT_STATFS 1
#define HAVE_SYS_STAT_H 1
#define HAVE_SYS_TYPES_H 1
#define HAVE_UNISTD_H 1
#define HAVE_STAT 1
#define HAVE_STAT 1
#define HAVE_SYS_TYPES_H 1
#define HAVE_SYS_STATVFS_H 1
#define HAVE_SYS_VFS_H 1
#define HAVE_STATVFS 1
#define HAVE_STATVFS 1
#define HAVE_UNISTD_H 1
#define HAVE_STRERROR 1
#define HAVE_STATUS_SET_BYTES 1
#define HAVE_MPI_DARRAY_SUBARRAY 1
#define MPIO_BUILD_PROFILING 1
#define HAVE_STRDUP 1
#define HAVE_SNPRINTF 1
#define HAVE_LSTAT 1
#define NEEDS_LSTAT_DECL 1
#define HAVE_READLINK 1
#define HAVE_FSYNC 1
#define HAVE_FTRUNCATE 1
#define restrict __restrict
#define HAVE_GCC_ATTRIBUTE 1
#define HAVE_DLFCN_H 1
#define LT_OBJDIR ".libs/"

configure: exit 0
